Using pre-set license
Built from '2022.1/staging' branch; Version is '2022.1.14f1 (ff7e140968b4) revision 16743956'; Using compiler version '192829333'; Build Type 'Release'
OS: 'Windows 10  (10.0.19044) 64bit Core' Language: 'en' Physical Memory: 32635 MB
BatchMode: 1, IsHumanControllingUs: 0, StartBugReporterOnCrash: 0, Is64bit: 1, IsPro: 1

COMMAND LINE ARGUMENTS:
D:\UnityProjects\2022.1.14f1\Editor\Unity.exe
-adb2
-batchMode
-noUpm
-name
AssetImportWorker3
-projectPath
D:/UnityProjects/Vr-Sandbox
-logFile
Logs/AssetImportWorker3.log
-srvPort
56722
Successfully changed project path to: D:/UnityProjects/Vr-Sandbox
D:/UnityProjects/Vr-Sandbox
[UnityMemory] Configuration Parameters - Can be set up in boot.config
    "memorysetup-bucket-allocator-granularity=16"
    "memorysetup-bucket-allocator-bucket-count=8"
    "memorysetup-bucket-allocator-block-size=33554432"
    "memorysetup-bucket-allocator-block-count=8"
    "memorysetup-main-allocator-block-size=16777216"
    "memorysetup-thread-allocator-block-size=16777216"
    "memorysetup-gfx-main-allocator-block-size=16777216"
    "memorysetup-gfx-thread-allocator-block-size=16777216"
    "memorysetup-cache-allocator-block-size=4194304"
    "memorysetup-typetree-allocator-block-size=2097152"
    "memorysetup-profiler-bucket-allocator-granularity=16"
    "memorysetup-profiler-bucket-allocator-bucket-count=8"
    "memorysetup-profiler-bucket-allocator-block-size=33554432"
    "memorysetup-profiler-bucket-allocator-block-count=8"
    "memorysetup-profiler-allocator-block-size=16777216"
    "memorysetup-profiler-editor-allocator-block-size=1048576"
    "memorysetup-temp-allocator-size-main=16777216"
    "memorysetup-job-temp-allocator-block-size=2097152"
    "memorysetup-job-temp-allocator-block-size-background=1048576"
    "memorysetup-job-temp-allocator-reduction-small-platforms=262144"
    "memorysetup-temp-allocator-size-background-worker=32768"
    "memorysetup-temp-allocator-size-job-worker=262144"
    "memorysetup-temp-allocator-size-preload-manager=33554432"
    "memorysetup-temp-allocator-size-nav-mesh-worker=65536"
    "memorysetup-temp-allocator-size-audio-worker=65536"
    "memorysetup-temp-allocator-size-cloud-worker=32768"
    "memorysetup-temp-allocator-size-gi-baking-worker=262144"
    "memorysetup-temp-allocator-size-gfx=262144"
Refreshing native plugins compatible for Editor in 198.63 ms, found 12 plugins.
Preloading 1 native plugins for Editor in 0.70 ms.
Initialize engine version: 2022.1.14f1 (ff7e140968b4)
[Subsystems] Discovering subsystems at path D:/UnityProjects/2022.1.14f1/Editor/Data/Resources/UnitySubsystems
[Subsystems] Discovering subsystems at path D:/UnityProjects/Vr-Sandbox/Assets
GfxDevice: creating device client; threaded=0; jobified=0
Direct3D:
    Version:  Direct3D 11.0 [level 11.1]
    Renderer: NVIDIA GeForce RTX 2060 (ID=0x1f08)
    Vendor:   NVIDIA
    VRAM:     5980 MB
    Driver:   31.0.15.2225
Initialize mono
Mono path[0] = 'D:/UnityProjects/2022.1.14f1/Editor/Data/Managed'
Mono path[1] = 'D:/UnityProjects/2022.1.14f1/Editor/Data/MonoBleedingEdge/lib/mono/unityjit-win32'
Mono config path = 'D:/UnityProjects/2022.1.14f1/Editor/Data/MonoBleedingEdge/etc'
Using monoOptions --debugger-agent=transport=dt_socket,embedding=1,server=y,suspend=n,address=127.0.0.1:56204
Begin MonoManager ReloadAssembly
Registering precompiled unity dll's ...
Register platform support module: D:/UnityProjects/2022.1.14f1/Editor/Data/PlaybackEngines/WebGLSupport/UnityEditor.WebGL.Extensions.dll
Register platform support module: D:/UnityProjects/2022.1.14f1/Editor/Data/PlaybackEngines/MacStandaloneSupport/UnityEditor.OSXStandalone.Extensions.dll
Register platform support module: D:/UnityProjects/2022.1.14f1/Editor/Data/PlaybackEngines/AndroidPlayer/UnityEditor.Android.Extensions.dll
Register platform support module: D:/UnityProjects/2022.1.14f1/Editor/Data/PlaybackEngines/iOSSupport/UnityEditor.iOS.Extensions.dll
Register platform support module: D:/UnityProjects/2022.1.14f1/Editor/Data/PlaybackEngines/AppleTVSupport/UnityEditor.AppleTV.Extensions.dll
Register platform support module: D:/UnityProjects/2022.1.14f1/Editor/Data/PlaybackEngines/WindowsStandaloneSupport/UnityEditor.WindowsStandalone.Extensions.dll
Register platform support module: D:/UnityProjects/2022.1.14f1/Editor/Data/PlaybackEngines/LinuxStandaloneSupport/UnityEditor.LinuxStandalone.Extensions.dll
Register platform support module: D:/UnityProjects/2022.1.14f1/Editor/Data/PlaybackEngines/MetroSupport/UnityEditor.UWP.Extensions.dll
Registered in 0.003772 seconds.
Native extension for UWP target not found
Native extension for LinuxStandalone target not found
Native extension for WindowsStandalone target not found
[usbmuxd] Start listen thread
[usbmuxd] Listen thread started
Native extension for AppleTV target not found
[usbmuxd] Start listen thread
[usbmuxd] Listen thread started
Native extension for iOS target not found
Native extension for Android target not found
Native extension for OSXStandalone target not found
Native extension for WebGL target not found
Refreshing native plugins compatible for Editor in 104.72 ms, found 12 plugins.
Preloading 1 native plugins for Editor in 0.04 ms.
Mono: successfully reloaded assembly
- Completed reload, in  0.968 seconds
Domain Reload Profiling:
	ReloadAssembly (968ms)
		BeginReloadAssembly (64ms)
			ExecutionOrderSort (0ms)
			DisableScriptedObjects (0ms)
			BackupInstance (0ms)
			ReleaseScriptingObjects (0ms)
			CreateAndSetChildDomain (0ms)
		EndReloadAssembly (738ms)
			LoadAssemblies (66ms)
			RebuildTransferFunctionScriptingTraits (0ms)
			SetupTypeCache (330ms)
				TypeCache.Initialize (330ms)
					TypeCache.ScanAssembly (329ms)
				ResolveRequiredComponents (0ms)
			ReleaseScriptCaches (0ms)
			RebuildScriptCaches (21ms)
			SetupLoadedEditorAssemblies (342ms)
				LogAssemblyErrors (0ms)
				InitializePlatformSupportModulesInManaged (114ms)
				SetLoadedEditorAssemblies (6ms)
				RefreshPlugins (105ms)
				BeforeProcessingInitializeOnLoad (1ms)
				ProcessInitializeOnLoadAttributes (81ms)
				ProcessInitializeOnLoadMethodAttributes (34ms)
				AfterProcessingInitializeOnLoad (0ms)
				EditorAssembliesLoaded (0ms)
			ExecutionOrderSort2 (0ms)
			AwakeInstancesAfterBackupRestoration (0ms)
Platform modules already initialized, skipping
Registering precompiled user dll's ...
Registered in 0.008429 seconds.
Android Extension - Scanning For ADB Devices 766 ms
Begin MonoManager ReloadAssembly
Symbol file LoadedFromMemory doesn't match image D:\UnityProjects\Vr-Sandbox\Library\PackageCache\com.unity.visualscripting@1.7.8\Editor\VisualScripting.Core\Dependencies\DotNetZip\Unity.VisualScripting.IonicZip.dll
Symbol file LoadedFromMemory doesn't match image D:\UnityProjects\Vr-Sandbox\Library\PackageCache\com.unity.visualscripting@1.7.8\Editor\VisualScripting.Core\Dependencies\YamlDotNet\Unity.VisualScripting.YamlDotNet.dll
Native extension for UWP target not found
Native extension for LinuxStandalone target not found
Native extension for WindowsStandalone target not found
Native extension for AppleTV target not found
Native extension for iOS target not found
Native extension for Android target not found
Native extension for OSXStandalone target not found
Native extension for WebGL target not found
Refreshing native plugins compatible for Editor in 107.99 ms, found 12 plugins.
Preloading 1 native plugins for Editor in 0.04 ms.
Package Manager log level set to [2]
[Package Manager] Server::EnsureServerProcessIsRunning -- launch failed, reason: Unity was launched with the -noUpm command-line argument
[Package Manager] UpmClient::Send -- Unable to send message (not connected to UPM process).
[Package Manager] Cannot connect to Unity Package Manager local server
System.Reflection.TargetInvocationException: Exception has been thrown by the target of an invocation. ---> System.NullReferenceException: Object reference not set to an instance of an object
  at Unity.XR.Oculus.OculusLoader.AssetPathToAbsolutePath (System.String assetPath) [0x0003d] in D:\UnityProjects\Vr-Sandbox\Library\PackageCache\com.unity.xr.oculus@3.0.2\Runtime\OculusLoader.cs:271 
  at Unity.XR.Oculus.OculusLoader.EditorLoadOVRPlugin () [0x0007b] in D:\UnityProjects\Vr-Sandbox\Library\PackageCache\com.unity.xr.oculus@3.0.2\Runtime\OculusLoader.cs:256 
  at (wrapper managed-to-native) System.Reflection.RuntimeMethodInfo.InternalInvoke(System.Reflection.RuntimeMethodInfo,object,object[],System.Exception&)
  at System.Reflection.RuntimeMethodInfo.Invoke (System.Object obj, System.Reflection.BindingFlags invokeAttr, System.Reflection.Binder binder, System.Object[] parameters, System.Globalization.CultureInfo culture) [0x0006a] in <f3aec01a34d14c7080754e28743c8472>:0 
   --- End of inner exception stack trace ---
  at System.Reflection.RuntimeMethodInfo.Invoke (System.Object obj, System.Reflection.BindingFlags invokeAttr, System.Reflection.Binder binder, System.Object[] parameters, System.Globalization.CultureInfo culture) [0x00083] in <f3aec01a34d14c7080754e28743c8472>:0 
  at System.Reflection.MethodBase.Invoke (System.Object obj, System.Object[] parameters) [0x00000] in <f3aec01a34d14c7080754e28743c8472>:0 
  at UnityEditor.EditorAssemblies.ProcessInitializeOnLoadMethodAttributes () [0x000a5] in <f90799373c314538a0c910377078306d>:0 
UnityEngine.StackTraceUtility:ExtractStackTrace ()
UnityEngine.DebugLogHandler:LogFormat (UnityEngine.LogType,UnityEngine.Object,string,object[])
UnityEngine.Logger:Log (UnityEngine.LogType,object)
UnityEngine.Debug:LogError (object)
UnityEditor.EditorAssemblies:ProcessInitializeOnLoadMethodAttributes ()

Mono: successfully reloaded assembly
[Package Manager] Server::EnsureServerProcessIsRunning -- launch failed, reason: Unity was launched with the -noUpm command-line argument
[Package Manager] UpmClient::Send -- Unable to send message (not connected to UPM process).
[Package Manager] Cannot connect to Unity Package Manager local server
[Package Manager] Server::EnsureServerProcessIsRunning -- launch failed, reason: Unity was launched with the -noUpm command-line argument
[Package Manager] UpmClient::Send -- Unable to send message (not connected to UPM process).
[Package Manager] Cannot connect to Unity Package Manager local server
- Completed reload, in  1.493 seconds
Domain Reload Profiling:
	ReloadAssembly (1494ms)
		BeginReloadAssembly (97ms)
			ExecutionOrderSort (0ms)
			DisableScriptedObjects (4ms)
			BackupInstance (0ms)
			ReleaseScriptingObjects (0ms)
			CreateAndSetChildDomain (16ms)
		EndReloadAssembly (1315ms)
			LoadAssemblies (94ms)
			RebuildTransferFunctionScriptingTraits (0ms)
			SetupTypeCache (270ms)
				TypeCache.Initialize (261ms)
					TypeCache.ScanAssembly (255ms)
				ResolveRequiredComponents (9ms)
			ReleaseScriptCaches (1ms)
			RebuildScriptCaches (60ms)
			SetupLoadedEditorAssemblies (864ms)
				LogAssemblyErrors (0ms)
				InitializePlatformSupportModulesInManaged (20ms)
				SetLoadedEditorAssemblies (5ms)
				RefreshPlugins (108ms)
				BeforeProcessingInitializeOnLoad (93ms)
				ProcessInitializeOnLoadAttributes (563ms)
				ProcessInitializeOnLoadMethodAttributes (73ms)
				AfterProcessingInitializeOnLoad (2ms)
				EditorAssembliesLoaded (0ms)
			ExecutionOrderSort2 (0ms)
			AwakeInstancesAfterBackupRestoration (3ms)
Platform modules already initialized, skipping
========================================================================
Worker process is ready to serve import requests
Launched and connected shader compiler UnityShaderCompiler.exe after 0.08 seconds
Refreshing native plugins compatible for Editor in 1.07 ms, found 12 plugins.
Preloading 1 native plugins for Editor in 0.05 ms.
Unloading 6374 Unused Serialized files (Serialized files now loaded: 0)
Unloading 53 unused Assets / (358.8 KB). Loaded Objects now: 6861.
Memory consumption went from 1.01 GB to 1.01 GB.
Total: 3.616700 ms (FindLiveObjects: 0.393100 ms CreateObjectMapping: 0.241600 ms MarkObjects: 2.905400 ms  DeleteObjects: 0.075800 ms)

AssetImportParameters requested are different than current active one (requested -> active):
  custom:video-decoder-ogg-theora: a1e56fd34408186e4bbccfd4996cb3dc -> 
  custom:container-muxer-webm: aa71ff27fc2769a1b78a27578f13a17b -> 
  custom:container-demuxer-webm: 4f35f7cbe854078d1ac9338744f61a02 -> 
  custom:video-encoder-webm-vp8: eb34c28f22e8b96e1ab97ce403110664 -> 
  custom:audio-encoder-webm-vorbis: bf7c407c2cedff20999df2af8eb42d56 -> 
  custom:framework-win-MediaFoundation: 216162199b28c13a410421893ffa2e32 -> 
  custom:container-demuxer-ogg: 62fdf1f143b41e24485cea50d1cbac27 -> 
  custom:video-decoder-webm-vp8: 9c59270c3fd7afecdb556c50c9e8de78 -> 
  custom:audio-decoder-ogg-vorbis: bf7c407c2cedff20999df2af8eb42d56 -> 
========================================================================
Received Import Request.
  Time since last request: 55760.291790 seconds.
  path: Assets/UI/Free UI build package/Prefabs/Gray/Buttons/Button_4.prefab
  artifactKey: Guid(46a84c550a2054af88948ccfcffde9e2) Importer(815301076,1909f56bfc062723c751e8b465ee728b)
Start importing Assets/UI/Free UI build package/Prefabs/Gray/Buttons/Button_4.prefab using Guid(46a84c550a2054af88948ccfcffde9e2) Importer(815301076,1909f56bfc062723c751e8b465ee728b)  -> (artifact id: 'b0ad019a4f8b5847a8709a3feef85f32') in 0.052936 seconds 
========================================================================
Received Import Request.
  Time since last request: 76.897659 seconds.
  path: Assets/UI/Free UI build package/Prefabs/Gray/Dropdowns/Dropdown_2.prefab
  artifactKey: Guid(7a4e32d027bc44b32bea2c73dacbd5ee) Importer(815301076,1909f56bfc062723c751e8b465ee728b)
Start importing Assets/UI/Free UI build package/Prefabs/Gray/Dropdowns/Dropdown_2.prefab using Guid(7a4e32d027bc44b32bea2c73dacbd5ee) Importer(815301076,1909f56bfc062723c751e8b465ee728b)  -> (artifact id: '8722b2b456f34f814b936a5a19632be5') in 0.015459 seconds 
========================================================================
Received Import Request.
  Time since last request: 0.976013 seconds.
  path: Assets/UI/Free UI build package/Prefabs/Gray/Icons/Icon_2.prefab
  artifactKey: Guid(0f0f65e4964e948d8a086b5077532dca) Importer(815301076,1909f56bfc062723c751e8b465ee728b)
Start importing Assets/UI/Free UI build package/Prefabs/Gray/Icons/Icon_2.prefab using Guid(0f0f65e4964e948d8a086b5077532dca) Importer(815301076,1909f56bfc062723c751e8b465ee728b)  -> (artifact id: '4879226b3d4adf38c17be44ed0c8ca2f') in 0.008280 seconds 
========================================================================
Received Import Request.
  Time since last request: 0.000030 seconds.
  path: Assets/UI/Free UI build package/Prefabs/Gray/Icons/Icon_3.prefab
  artifactKey: Guid(44e2c76c5947e4ef2a5ccce3807fe9e3) Importer(815301076,1909f56bfc062723c751e8b465ee728b)
Start importing Assets/UI/Free UI build package/Prefabs/Gray/Icons/Icon_3.prefab using Guid(44e2c76c5947e4ef2a5ccce3807fe9e3) Importer(815301076,1909f56bfc062723c751e8b465ee728b)  -> (artifact id: 'd3a9d0a3cf1efdd8a7af54cc19bd87b3') in 0.007845 seconds 
========================================================================
Received Import Request.
  Time since last request: 0.772941 seconds.
  path: Assets/UI/Free UI build package/Prefabs/Gray/Miscellaneous/Corner.prefab
  artifactKey: Guid(64e6e55d836204be7a3c18cf522e97ba) Importer(815301076,1909f56bfc062723c751e8b465ee728b)
Start importing Assets/UI/Free UI build package/Prefabs/Gray/Miscellaneous/Corner.prefab using Guid(64e6e55d836204be7a3c18cf522e97ba) Importer(815301076,1909f56bfc062723c751e8b465ee728b)  -> (artifact id: 'd7bf36078666d36c16e4760c77022dd3') in 0.009220 seconds 
========================================================================
Received Import Request.
  Time since last request: 0.000036 seconds.
  path: Assets/UI/Free UI build package/Prefabs/Gray/Miscellaneous/Frame1.prefab
  artifactKey: Guid(04f6fe204b34b43428896240ebb8743b) Importer(815301076,1909f56bfc062723c751e8b465ee728b)
Start importing Assets/UI/Free UI build package/Prefabs/Gray/Miscellaneous/Frame1.prefab using Guid(04f6fe204b34b43428896240ebb8743b) Importer(815301076,1909f56bfc062723c751e8b465ee728b)  -> (artifact id: '83b83946f9da1a92538eaaebacd1c1e5') in 0.009719 seconds 
========================================================================
Received Import Request.
  Time since last request: 0.000025 seconds.
  path: Assets/UI/Free UI build package/Prefabs/Gray/Miscellaneous/Rod2.prefab
  artifactKey: Guid(3d64b187c27af4c4d95fcfa2b8bf91b5) Importer(815301076,1909f56bfc062723c751e8b465ee728b)
Start importing Assets/UI/Free UI build package/Prefabs/Gray/Miscellaneous/Rod2.prefab using Guid(3d64b187c27af4c4d95fcfa2b8bf91b5) Importer(815301076,1909f56bfc062723c751e8b465ee728b)  -> (artifact id: 'e7d7a866f4a9ab6c1d8fff73872ffd68') in 0.009390 seconds 
========================================================================
Received Import Request.
  Time since last request: 0.000020 seconds.
  path: Assets/UI/Free UI build package/Prefabs/Gray/Miscellaneous/Gem_2.prefab
  artifactKey: Guid(86f00dcf68d934d01b45177b5da333c5) Importer(815301076,1909f56bfc062723c751e8b465ee728b)
Start importing Assets/UI/Free UI build package/Prefabs/Gray/Miscellaneous/Gem_2.prefab using Guid(86f00dcf68d934d01b45177b5da333c5) Importer(815301076,1909f56bfc062723c751e8b465ee728b)  -> (artifact id: '10e245a76bd830c915c7c3afaf055eb2') in 0.009396 seconds 
========================================================================
Received Import Request.
  Time since last request: 2.568989 seconds.
  path: Assets/UI/Free UI build package/Prefabs/Gray/Sliders/Slider_2.prefab
  artifactKey: Guid(cdecd99402d4842ffa0a8a8c771af492) Importer(815301076,1909f56bfc062723c751e8b465ee728b)
Start importing Assets/UI/Free UI build package/Prefabs/Gray/Sliders/Slider_2.prefab using Guid(cdecd99402d4842ffa0a8a8c771af492) Importer(815301076,1909f56bfc062723c751e8b465ee728b)  -> (artifact id: '1c3492ca9f94e36c39431b69b01468de') in 0.010308 seconds 
========================================================================
Received Import Request.
  Time since last request: 0.000023 seconds.
  path: Assets/UI/Free UI build package/Prefabs/Gray/Sliders/Slider_5.prefab
  artifactKey: Guid(c8e9e0dc2eb174635861b990cee2b0bb) Importer(815301076,1909f56bfc062723c751e8b465ee728b)
Start importing Assets/UI/Free UI build package/Prefabs/Gray/Sliders/Slider_5.prefab using Guid(c8e9e0dc2eb174635861b990cee2b0bb) Importer(815301076,1909f56bfc062723c751e8b465ee728b)  -> (artifact id: '4da48e9024ebd52319e7dd6871854373') in 0.009366 seconds 
========================================================================
Received Import Request.
  Time since last request: 0.000017 seconds.
  path: Assets/UI/Free UI build package/Prefabs/Gray/Sliders/Slider_4.prefab
  artifactKey: Guid(7020d1ba6d18a4c59b698daa55fe0dc8) Importer(815301076,1909f56bfc062723c751e8b465ee728b)
Start importing Assets/UI/Free UI build package/Prefabs/Gray/Sliders/Slider_4.prefab using Guid(7020d1ba6d18a4c59b698daa55fe0dc8) Importer(815301076,1909f56bfc062723c751e8b465ee728b)  -> (artifact id: '2a2204193b257ddb11a1c9984c7b9517') in 0.011534 seconds 
========================================================================
Received Import Request.
  Time since last request: 1.127475 seconds.
  path: Assets/UI/Free UI build package/Prefabs/Gray/Toggles/Toggle_2.prefab
  artifactKey: Guid(93a2bad1fd63c4296bf64b300c131171) Importer(815301076,1909f56bfc062723c751e8b465ee728b)
Start importing Assets/UI/Free UI build package/Prefabs/Gray/Toggles/Toggle_2.prefab using Guid(93a2bad1fd63c4296bf64b300c131171) Importer(815301076,1909f56bfc062723c751e8b465ee728b)  -> (artifact id: 'c3b0cf7ecd60affa9ddcd335564a0973') in 0.010301 seconds 
========================================================================
Received Import Request.
  Time since last request: 488.653281 seconds.
  path: Assets/Prefabs/Right Hand Model.prefab
  artifactKey: Guid(5862499703ba38d41982df79581947ed) Importer(815301076,1909f56bfc062723c751e8b465ee728b)
Start importing Assets/Prefabs/Right Hand Model.prefab using Guid(5862499703ba38d41982df79581947ed) Importer(815301076,1909f56bfc062723c751e8b465ee728b)  -> (artifact id: 'eb9e0f0c02256ca653e0ec802dd0cfe1') in 0.433665 seconds 
========================================================================
Received Import Request.
  Time since last request: 7498.689206 seconds.
  path: Assets/UI/Fonts/Yeon_Sung/YeonSung-Regular SDF.asset
  artifactKey: Guid(592a56fb3607c8344b9573eba0be33ee) Importer(815301076,1909f56bfc062723c751e8b465ee728b)
Start importing Assets/UI/Fonts/Yeon_Sung/YeonSung-Regular SDF.asset using Guid(592a56fb3607c8344b9573eba0be33ee) Importer(815301076,1909f56bfc062723c751e8b465ee728b)  -> (artifact id: 'bfac15c85ec9e60713f65133350075ff') in 0.058547 seconds 
========================================================================
Received Import Request.
  Time since last request: 10.681794 seconds.
  path: Assets/UI/Fonts/Saira/static/Saira_UltraCondensed/Saira_UltraCondensed-Black SDF.asset
  artifactKey: Guid(1f794346b6babef42a28000d22b8b8e8) Importer(815301076,1909f56bfc062723c751e8b465ee728b)
Start importing Assets/UI/Fonts/Saira/static/Saira_UltraCondensed/Saira_UltraCondensed-Black SDF.asset using Guid(1f794346b6babef42a28000d22b8b8e8) Importer(815301076,1909f56bfc062723c751e8b465ee728b)  -> (artifact id: 'b3fe7ada33976fd76ac4ec8ebc4e8ec7') in 0.028807 seconds 
========================================================================
Received Import Request.
  Time since last request: 0.000034 seconds.
  path: Assets/UI/Fonts/Saira/static/Saira_UltraCondensed/Saira_UltraCondensed-Medium.ttf
  artifactKey: Guid(d87e91e05cadb0b498cb188bef14355f) Importer(815301076,1909f56bfc062723c751e8b465ee728b)
Start importing Assets/UI/Fonts/Saira/static/Saira_UltraCondensed/Saira_UltraCondensed-Medium.ttf using Guid(d87e91e05cadb0b498cb188bef14355f) Importer(815301076,1909f56bfc062723c751e8b465ee728b)  -> (artifact id: 'ece0a52d3405951aba0372ef0314ab30') in 0.031130 seconds 
========================================================================
Received Import Request.
  Time since last request: 0.000025 seconds.
  path: Assets/UI/Fonts/Saira/static/Saira_UltraCondensed/Saira_UltraCondensed-Regular.ttf
  artifactKey: Guid(a3fe341c88b37cb4eacd98e1063e8bff) Importer(815301076,1909f56bfc062723c751e8b465ee728b)
Start importing Assets/UI/Fonts/Saira/static/Saira_UltraCondensed/Saira_UltraCondensed-Regular.ttf using Guid(a3fe341c88b37cb4eacd98e1063e8bff) Importer(815301076,1909f56bfc062723c751e8b465ee728b)  -> (artifact id: '9213ec6f00e8a5b79f33360d14e48693') in 0.025076 seconds 
========================================================================
Received Import Request.
  Time since last request: 0.000022 seconds.
  path: Assets/UI/Fonts/Saira/static/Saira_UltraCondensed/Saira_UltraCondensed-Bold SDF.asset
  artifactKey: Guid(38d2711c6f6af984f8797e30e3f3a263) Importer(815301076,1909f56bfc062723c751e8b465ee728b)
Start importing Assets/UI/Fonts/Saira/static/Saira_UltraCondensed/Saira_UltraCondensed-Bold SDF.asset using Guid(38d2711c6f6af984f8797e30e3f3a263) Importer(815301076,1909f56bfc062723c751e8b465ee728b)  -> (artifact id: 'cc926e4ccd7feb4b56d1c7aeb7081263') in 0.035514 seconds 
========================================================================
Received Import Request.
  Time since last request: 0.000083 seconds.
  path: Assets/UI/Fonts/Saira/static/Saira_UltraCondensed/Saira_UltraCondensed-LightItalic SDF.asset
  artifactKey: Guid(9123169aa180d004f9115ee59b5a6696) Importer(815301076,1909f56bfc062723c751e8b465ee728b)
Start importing Assets/UI/Fonts/Saira/static/Saira_UltraCondensed/Saira_UltraCondensed-LightItalic SDF.asset using Guid(9123169aa180d004f9115ee59b5a6696) Importer(815301076,1909f56bfc062723c751e8b465ee728b)  -> (artifact id: '6520d64ad6c2c9441717db00c6a1bd77') in 0.039014 seconds 
========================================================================
Received Import Request.
  Time since last request: 0.000034 seconds.
  path: Assets/UI/Fonts/Saira/static/Saira_UltraCondensed/Saira_UltraCondensed-Light SDF.asset
  artifactKey: Guid(2415cd86318acc94ab01254fd991ad87) Importer(815301076,1909f56bfc062723c751e8b465ee728b)
Start importing Assets/UI/Fonts/Saira/static/Saira_UltraCondensed/Saira_UltraCondensed-Light SDF.asset using Guid(2415cd86318acc94ab01254fd991ad87) Importer(815301076,1909f56bfc062723c751e8b465ee728b)  -> (artifact id: 'e685eccf2b0a6d06d152d94d0bd9ec91') in 0.023290 seconds 
========================================================================
Received Import Request.
  Time since last request: 0.000024 seconds.
  path: Assets/UI/Fonts/Saira/static/Saira_UltraCondensed/Saira_UltraCondensed-ExtraBoldItalic SDF.asset
  artifactKey: Guid(679ddcae2da432e4e9abdbfa96f2b510) Importer(815301076,1909f56bfc062723c751e8b465ee728b)
Start importing Assets/UI/Fonts/Saira/static/Saira_UltraCondensed/Saira_UltraCondensed-ExtraBoldItalic SDF.asset using Guid(679ddcae2da432e4e9abdbfa96f2b510) Importer(815301076,1909f56bfc062723c751e8b465ee728b)  -> (artifact id: '58aaf9a07714af169cc292e3fe8a4cd8') in 0.026009 seconds 
========================================================================
Received Import Request.
  Time since last request: 0.000036 seconds.
  path: Assets/UI/Fonts/Saira/static/Saira_UltraCondensed/Saira_UltraCondensed-ExtraBold.ttf
  artifactKey: Guid(d68873e36f417a247a10e0f1dbabf617) Importer(815301076,1909f56bfc062723c751e8b465ee728b)
Start importing Assets/UI/Fonts/Saira/static/Saira_UltraCondensed/Saira_UltraCondensed-ExtraBold.ttf using Guid(d68873e36f417a247a10e0f1dbabf617) Importer(815301076,1909f56bfc062723c751e8b465ee728b)  -> (artifact id: 'b93d3f2dc6f0b795aaf1c25c0e3c307e') in 0.019424 seconds 
========================================================================
Received Import Request.
  Time since last request: 0.000050 seconds.
  path: Assets/UI/Fonts/Saira/static/Saira_UltraCondensed/Saira_UltraCondensed-Thin SDF.asset
  artifactKey: Guid(fca6f7dcc3c9b0c42abb4f2407768dcb) Importer(815301076,1909f56bfc062723c751e8b465ee728b)
Start importing Assets/UI/Fonts/Saira/static/Saira_UltraCondensed/Saira_UltraCondensed-Thin SDF.asset using Guid(fca6f7dcc3c9b0c42abb4f2407768dcb) Importer(815301076,1909f56bfc062723c751e8b465ee728b)  -> (artifact id: '80cfe406b9651768dce80f146b55d436') in 0.022884 seconds 
========================================================================
Received Import Request.
  Time since last request: 0.000025 seconds.
  path: Assets/UI/Fonts/Saira/static/Saira_UltraCondensed/Saira_UltraCondensed-Medium SDF.asset
  artifactKey: Guid(4377bdb29c881d744a5b8efb8d4d7593) Importer(815301076,1909f56bfc062723c751e8b465ee728b)
Start importing Assets/UI/Fonts/Saira/static/Saira_UltraCondensed/Saira_UltraCondensed-Medium SDF.asset using Guid(4377bdb29c881d744a5b8efb8d4d7593) Importer(815301076,1909f56bfc062723c751e8b465ee728b)  -> (artifact id: '0bafaa94b96de2ee9c791266b4502947') in 0.024229 seconds 
========================================================================
Received Import Request.
  Time since last request: 0.000024 seconds.
  path: Assets/UI/Fonts/Saira/static/Saira_UltraCondensed/Saira_UltraCondensed-SemiBoldItalic.ttf
  artifactKey: Guid(7eb86c73c62e8074097bf7527fca17e5) Importer(815301076,1909f56bfc062723c751e8b465ee728b)
Start importing Assets/UI/Fonts/Saira/static/Saira_UltraCondensed/Saira_UltraCondensed-SemiBoldItalic.ttf using Guid(7eb86c73c62e8074097bf7527fca17e5) Importer(815301076,1909f56bfc062723c751e8b465ee728b)  -> (artifact id: '71680426167ec050353a82b2daeb7781') in 0.017771 seconds 
========================================================================
Received Import Request.
  Time since last request: 0.000021 seconds.
  path: Assets/UI/Fonts/Saira/static/Saira_UltraCondensed/Saira_UltraCondensed-ExtraLightItalic.ttf
  artifactKey: Guid(346db2854feb62748b1119d2ac1ee8ca) Importer(815301076,1909f56bfc062723c751e8b465ee728b)
Start importing Assets/UI/Fonts/Saira/static/Saira_UltraCondensed/Saira_UltraCondensed-ExtraLightItalic.ttf using Guid(346db2854feb62748b1119d2ac1ee8ca) Importer(815301076,1909f56bfc062723c751e8b465ee728b)  -> (artifact id: '83ca5b0ada5be85c9f44a083897a91b8') in 0.020798 seconds 
========================================================================
Received Import Request.
  Time since last request: 0.000025 seconds.
  path: Assets/UI/Fonts/Saira/static/Saira_UltraCondensed/Saira_UltraCondensed-Italic.ttf
  artifactKey: Guid(b53ae65544259444fb8c59747d4724f5) Importer(815301076,1909f56bfc062723c751e8b465ee728b)
Start importing Assets/UI/Fonts/Saira/static/Saira_UltraCondensed/Saira_UltraCondensed-Italic.ttf using Guid(b53ae65544259444fb8c59747d4724f5) Importer(815301076,1909f56bfc062723c751e8b465ee728b)  -> (artifact id: 'ee8a6bfc4e749eddd336d39ef0744b08') in 0.021889 seconds 
========================================================================
Received Import Request.
  Time since last request: 0.000036 seconds.
  path: Assets/UI/Fonts/Saira/static/Saira_UltraCondensed/Saira_UltraCondensed-MediumItalic SDF.asset
  artifactKey: Guid(b2847206aa53fc24e8750a893cba5a22) Importer(815301076,1909f56bfc062723c751e8b465ee728b)
Start importing Assets/UI/Fonts/Saira/static/Saira_UltraCondensed/Saira_UltraCondensed-MediumItalic SDF.asset using Guid(b2847206aa53fc24e8750a893cba5a22) Importer(815301076,1909f56bfc062723c751e8b465ee728b)  -> (artifact id: '5a5f6ce66fb32846d84465dadd5bafe4') in 0.024954 seconds 
========================================================================
Received Import Request.
  Time since last request: 0.000028 seconds.
  path: Assets/UI/Fonts/Saira/static/Saira_UltraCondensed/Saira_UltraCondensed-Regular SDF.asset
  artifactKey: Guid(d73892c17cbea234790dd03ed8145107) Importer(815301076,1909f56bfc062723c751e8b465ee728b)
Start importing Assets/UI/Fonts/Saira/static/Saira_UltraCondensed/Saira_UltraCondensed-Regular SDF.asset using Guid(d73892c17cbea234790dd03ed8145107) Importer(815301076,1909f56bfc062723c751e8b465ee728b)  -> (artifact id: '6ea53a502cbeb449a1b6059440c80470') in 0.024957 seconds 
========================================================================
Received Import Request.
  Time since last request: 0.000026 seconds.
  path: Assets/UI/Fonts/Saira/static/Saira_UltraCondensed/Saira_UltraCondensed-BoldItalic.ttf
  artifactKey: Guid(e10ecb5c6a93f47408151bc0c4470720) Importer(815301076,1909f56bfc062723c751e8b465ee728b)
Start importing Assets/UI/Fonts/Saira/static/Saira_UltraCondensed/Saira_UltraCondensed-BoldItalic.ttf using Guid(e10ecb5c6a93f47408151bc0c4470720) Importer(815301076,1909f56bfc062723c751e8b465ee728b)  -> (artifact id: '0fca4e6a19ff717e29176dd2d4b358a2') in 0.021164 seconds 
========================================================================
Received Import Request.
  Time since last request: 0.000025 seconds.
  path: Assets/UI/Fonts/Saira/static/Saira_UltraCondensed/Saira_UltraCondensed-ExtraLight.ttf
  artifactKey: Guid(aaa447897251efc42aff806b6e0280c1) Importer(815301076,1909f56bfc062723c751e8b465ee728b)
Start importing Assets/UI/Fonts/Saira/static/Saira_UltraCondensed/Saira_UltraCondensed-ExtraLight.ttf using Guid(aaa447897251efc42aff806b6e0280c1) Importer(815301076,1909f56bfc062723c751e8b465ee728b)  -> (artifact id: 'c1a6464f4c69e655b5def4e40708e4e1') in 0.022716 seconds 
========================================================================
Received Import Request.
  Time since last request: 0.000029 seconds.
  path: Assets/UI/Fonts/Saira/static/Saira_UltraCondensed/Saira_UltraCondensed-BoldItalic SDF.asset
  artifactKey: Guid(7bf6f71e95108ee4bb9f7d73edb4c076) Importer(815301076,1909f56bfc062723c751e8b465ee728b)
Start importing Assets/UI/Fonts/Saira/static/Saira_UltraCondensed/Saira_UltraCondensed-BoldItalic SDF.asset using Guid(7bf6f71e95108ee4bb9f7d73edb4c076) Importer(815301076,1909f56bfc062723c751e8b465ee728b)  -> (artifact id: '36ba81bb7e48ab1a98bb9349038f3a98') in 0.024761 seconds 
Editor requested this worker to shutdown with reason: Scaling down because of idle timeout
AssetImportWorker is now disconnected from the server
Process exiting
Exiting without the bug reporter. Application will terminate with return code 0