Using pre-set license
Built from '2022.1/staging' branch; Version is '2022.1.14f1 (ff7e140968b4) revision 16743956'; Using compiler version '192829333'; Build Type 'Release'
OS: 'Windows 10  (10.0.19044) 64bit Core' Language: 'en' Physical Memory: 32635 MB
BatchMode: 1, IsHumanControllingUs: 0, StartBugReporterOnCrash: 0, Is64bit: 1, IsPro: 1

COMMAND LINE ARGUMENTS:
D:\UnityProjects\2022.1.14f1\Editor\Unity.exe
-adb2
-batchMode
-noUpm
-name
AssetImportWorker2
-projectPath
D:/UnityProjects/Vr-Sandbox
-logFile
Logs/AssetImportWorker2.log
-srvPort
61419
Successfully changed project path to: D:/UnityProjects/Vr-Sandbox
D:/UnityProjects/Vr-Sandbox
[UnityMemory] Configuration Parameters - Can be set up in boot.config
    "memorysetup-bucket-allocator-granularity=16"
    "memorysetup-bucket-allocator-bucket-count=8"
    "memorysetup-bucket-allocator-block-size=33554432"
    "memorysetup-bucket-allocator-block-count=8"
    "memorysetup-main-allocator-block-size=16777216"
    "memorysetup-thread-allocator-block-size=16777216"
    "memorysetup-gfx-main-allocator-block-size=16777216"
    "memorysetup-gfx-thread-allocator-block-size=16777216"
    "memorysetup-cache-allocator-block-size=4194304"
    "memorysetup-typetree-allocator-block-size=2097152"
    "memorysetup-profiler-bucket-allocator-granularity=16"
    "memorysetup-profiler-bucket-allocator-bucket-count=8"
    "memorysetup-profiler-bucket-allocator-block-size=33554432"
    "memorysetup-profiler-bucket-allocator-block-count=8"
    "memorysetup-profiler-allocator-block-size=16777216"
    "memorysetup-profiler-editor-allocator-block-size=1048576"
    "memorysetup-temp-allocator-size-main=16777216"
    "memorysetup-job-temp-allocator-block-size=2097152"
    "memorysetup-job-temp-allocator-block-size-background=1048576"
    "memorysetup-job-temp-allocator-reduction-small-platforms=262144"
    "memorysetup-temp-allocator-size-background-worker=32768"
    "memorysetup-temp-allocator-size-job-worker=262144"
    "memorysetup-temp-allocator-size-preload-manager=33554432"
    "memorysetup-temp-allocator-size-nav-mesh-worker=65536"
    "memorysetup-temp-allocator-size-audio-worker=65536"
    "memorysetup-temp-allocator-size-cloud-worker=32768"
    "memorysetup-temp-allocator-size-gi-baking-worker=262144"
    "memorysetup-temp-allocator-size-gfx=262144"
Refreshing native plugins compatible for Editor in 110.66 ms, found 12 plugins.
Preloading 1 native plugins for Editor in 0.81 ms.
Initialize engine version: 2022.1.14f1 (ff7e140968b4)
[Subsystems] Discovering subsystems at path D:/UnityProjects/2022.1.14f1/Editor/Data/Resources/UnitySubsystems
[Subsystems] Discovering subsystems at path D:/UnityProjects/Vr-Sandbox/Assets
GfxDevice: creating device client; threaded=0; jobified=0
Direct3D:
    Version:  Direct3D 11.0 [level 11.1]
    Renderer: NVIDIA GeForce RTX 2060 (ID=0x1f08)
    Vendor:   NVIDIA
    VRAM:     5980 MB
    Driver:   31.0.15.2225
Initialize mono
Mono path[0] = 'D:/UnityProjects/2022.1.14f1/Editor/Data/Managed'
Mono path[1] = 'D:/UnityProjects/2022.1.14f1/Editor/Data/MonoBleedingEdge/lib/mono/unityjit-win32'
Mono config path = 'D:/UnityProjects/2022.1.14f1/Editor/Data/MonoBleedingEdge/etc'
Using monoOptions --debugger-agent=transport=dt_socket,embedding=1,server=y,suspend=n,address=127.0.0.1:56436
Begin MonoManager ReloadAssembly
Registering precompiled unity dll's ...
Register platform support module: D:/UnityProjects/2022.1.14f1/Editor/Data/PlaybackEngines/WebGLSupport/UnityEditor.WebGL.Extensions.dll
Register platform support module: D:/UnityProjects/2022.1.14f1/Editor/Data/PlaybackEngines/MacStandaloneSupport/UnityEditor.OSXStandalone.Extensions.dll
Register platform support module: D:/UnityProjects/2022.1.14f1/Editor/Data/PlaybackEngines/AndroidPlayer/UnityEditor.Android.Extensions.dll
Register platform support module: D:/UnityProjects/2022.1.14f1/Editor/Data/PlaybackEngines/iOSSupport/UnityEditor.iOS.Extensions.dll
Register platform support module: D:/UnityProjects/2022.1.14f1/Editor/Data/PlaybackEngines/AppleTVSupport/UnityEditor.AppleTV.Extensions.dll
Register platform support module: D:/UnityProjects/2022.1.14f1/Editor/Data/PlaybackEngines/WindowsStandaloneSupport/UnityEditor.WindowsStandalone.Extensions.dll
Register platform support module: D:/UnityProjects/2022.1.14f1/Editor/Data/PlaybackEngines/LinuxStandaloneSupport/UnityEditor.LinuxStandalone.Extensions.dll
Register platform support module: D:/UnityProjects/2022.1.14f1/Editor/Data/PlaybackEngines/MetroSupport/UnityEditor.UWP.Extensions.dll
Registered in 0.003391 seconds.
Native extension for UWP target not found
Native extension for LinuxStandalone target not found
Native extension for WindowsStandalone target not found
[usbmuxd] Start listen thread
[usbmuxd] Listen thread started
Native extension for AppleTV target not found
[usbmuxd] Start listen thread
[usbmuxd] Listen thread started
Native extension for iOS target not found
Native extension for Android target not found
Native extension for OSXStandalone target not found
Native extension for WebGL target not found
Refreshing native plugins compatible for Editor in 102.87 ms, found 12 plugins.
Preloading 1 native plugins for Editor in 0.11 ms.
Mono: successfully reloaded assembly
- Completed reload, in  0.554 seconds
Domain Reload Profiling:
	ReloadAssembly (554ms)
		BeginReloadAssembly (59ms)
			ExecutionOrderSort (0ms)
			DisableScriptedObjects (0ms)
			BackupInstance (0ms)
			ReleaseScriptingObjects (0ms)
			CreateAndSetChildDomain (0ms)
		EndReloadAssembly (419ms)
			LoadAssemblies (61ms)
			RebuildTransferFunctionScriptingTraits (0ms)
			SetupTypeCache (86ms)
				TypeCache.Initialize (86ms)
					TypeCache.ScanAssembly (84ms)
				ResolveRequiredComponents (0ms)
			ReleaseScriptCaches (0ms)
			RebuildScriptCaches (23ms)
			SetupLoadedEditorAssemblies (267ms)
				LogAssemblyErrors (0ms)
				InitializePlatformSupportModulesInManaged (50ms)
				SetLoadedEditorAssemblies (7ms)
				RefreshPlugins (103ms)
				BeforeProcessingInitializeOnLoad (1ms)
				ProcessInitializeOnLoadAttributes (76ms)
				ProcessInitializeOnLoadMethodAttributes (30ms)
				AfterProcessingInitializeOnLoad (0ms)
				EditorAssembliesLoaded (0ms)
			ExecutionOrderSort2 (0ms)
			AwakeInstancesAfterBackupRestoration (0ms)
Platform modules already initialized, skipping
Registering precompiled user dll's ...
Registered in 0.006939 seconds.
Android Extension - Scanning For ADB Devices 654 ms
Begin MonoManager ReloadAssembly
Symbol file LoadedFromMemory doesn't match image D:\UnityProjects\Vr-Sandbox\Library\PackageCache\com.unity.visualscripting@1.7.8\Editor\VisualScripting.Core\Dependencies\DotNetZip\Unity.VisualScripting.IonicZip.dll
Symbol file LoadedFromMemory doesn't match image D:\UnityProjects\Vr-Sandbox\Library\PackageCache\com.unity.visualscripting@1.7.8\Editor\VisualScripting.Core\Dependencies\YamlDotNet\Unity.VisualScripting.YamlDotNet.dll
Native extension for UWP target not found
Native extension for LinuxStandalone target not found
Native extension for WindowsStandalone target not found
Native extension for AppleTV target not found
Native extension for iOS target not found
Native extension for Android target not found
Native extension for OSXStandalone target not found
Native extension for WebGL target not found
Refreshing native plugins compatible for Editor in 107.39 ms, found 12 plugins.
Preloading 1 native plugins for Editor in 0.04 ms.
Package Manager log level set to [2]
[Package Manager] Server::EnsureServerProcessIsRunning -- launch failed, reason: Unity was launched with the -noUpm command-line argument
[Package Manager] UpmClient::Send -- Unable to send message (not connected to UPM process).
[Package Manager] Cannot connect to Unity Package Manager local server
System.Reflection.TargetInvocationException: Exception has been thrown by the target of an invocation. ---> System.NullReferenceException: Object reference not set to an instance of an object
  at Unity.XR.Oculus.OculusLoader.AssetPathToAbsolutePath (System.String assetPath) [0x0003d] in D:\UnityProjects\Vr-Sandbox\Library\PackageCache\com.unity.xr.oculus@3.0.2\Runtime\OculusLoader.cs:271 
  at Unity.XR.Oculus.OculusLoader.EditorLoadOVRPlugin () [0x0007b] in D:\UnityProjects\Vr-Sandbox\Library\PackageCache\com.unity.xr.oculus@3.0.2\Runtime\OculusLoader.cs:256 
  at (wrapper managed-to-native) System.Reflection.RuntimeMethodInfo.InternalInvoke(System.Reflection.RuntimeMethodInfo,object,object[],System.Exception&)
  at System.Reflection.RuntimeMethodInfo.Invoke (System.Object obj, System.Reflection.BindingFlags invokeAttr, System.Reflection.Binder binder, System.Object[] parameters, System.Globalization.CultureInfo culture) [0x0006a] in <f3aec01a34d14c7080754e28743c8472>:0 
   --- End of inner exception stack trace ---
  at System.Reflection.RuntimeMethodInfo.Invoke (System.Object obj, System.Reflection.BindingFlags invokeAttr, System.Reflection.Binder binder, System.Object[] parameters, System.Globalization.CultureInfo culture) [0x00083] in <f3aec01a34d14c7080754e28743c8472>:0 
  at System.Reflection.MethodBase.Invoke (System.Object obj, System.Object[] parameters) [0x00000] in <f3aec01a34d14c7080754e28743c8472>:0 
  at UnityEditor.EditorAssemblies.ProcessInitializeOnLoadMethodAttributes () [0x000a5] in <f90799373c314538a0c910377078306d>:0 
UnityEngine.StackTraceUtility:ExtractStackTrace ()
UnityEngine.DebugLogHandler:LogFormat (UnityEngine.LogType,UnityEngine.Object,string,object[])
UnityEngine.Logger:Log (UnityEngine.LogType,object)
UnityEngine.Debug:LogError (object)
UnityEditor.EditorAssemblies:ProcessInitializeOnLoadMethodAttributes ()

Mono: successfully reloaded assembly
[Package Manager] Server::EnsureServerProcessIsRunning -- launch failed, reason: Unity was launched with the -noUpm command-line argument
[Package Manager] UpmClient::Send -- Unable to send message (not connected to UPM process).
[Package Manager] Cannot connect to Unity Package Manager local server
[Package Manager] Server::EnsureServerProcessIsRunning -- launch failed, reason: Unity was launched with the -noUpm command-line argument
[Package Manager] UpmClient::Send -- Unable to send message (not connected to UPM process).
[Package Manager] Cannot connect to Unity Package Manager local server
- Completed reload, in  1.200 seconds
Domain Reload Profiling:
	ReloadAssembly (1201ms)
		BeginReloadAssembly (90ms)
			ExecutionOrderSort (0ms)
			DisableScriptedObjects (4ms)
			BackupInstance (0ms)
			ReleaseScriptingObjects (0ms)
			CreateAndSetChildDomain (17ms)
		EndReloadAssembly (1025ms)
			LoadAssemblies (102ms)
			RebuildTransferFunctionScriptingTraits (0ms)
			SetupTypeCache (257ms)
				TypeCache.Initialize (247ms)
					TypeCache.ScanAssembly (242ms)
				ResolveRequiredComponents (9ms)
			ReleaseScriptCaches (1ms)
			RebuildScriptCaches (56ms)
			SetupLoadedEditorAssemblies (579ms)
				LogAssemblyErrors (0ms)
				InitializePlatformSupportModulesInManaged (18ms)
				SetLoadedEditorAssemblies (4ms)
				RefreshPlugins (107ms)
				BeforeProcessingInitializeOnLoad (90ms)
				ProcessInitializeOnLoadAttributes (288ms)
				ProcessInitializeOnLoadMethodAttributes (70ms)
				AfterProcessingInitializeOnLoad (2ms)
				EditorAssembliesLoaded (0ms)
			ExecutionOrderSort2 (0ms)
			AwakeInstancesAfterBackupRestoration (3ms)
Platform modules already initialized, skipping
========================================================================
Worker process is ready to serve import requests
Launched and connected shader compiler UnityShaderCompiler.exe after 0.03 seconds
Refreshing native plugins compatible for Editor in 1.03 ms, found 12 plugins.
Preloading 1 native plugins for Editor in 0.05 ms.
Unloading 6314 Unused Serialized files (Serialized files now loaded: 0)
Unloading 53 unused Assets / (358.7 KB). Loaded Objects now: 6795.
Memory consumption went from 1.00 GB to 1.00 GB.
Total: 3.351300 ms (FindLiveObjects: 0.387200 ms CreateObjectMapping: 0.229900 ms MarkObjects: 2.669900 ms  DeleteObjects: 0.063500 ms)

AssetImportParameters requested are different than current active one (requested -> active):
  custom:video-decoder-ogg-theora: a1e56fd34408186e4bbccfd4996cb3dc -> 
  custom:container-muxer-webm: aa71ff27fc2769a1b78a27578f13a17b -> 
  custom:container-demuxer-webm: 4f35f7cbe854078d1ac9338744f61a02 -> 
  custom:video-encoder-webm-vp8: eb34c28f22e8b96e1ab97ce403110664 -> 
  custom:audio-encoder-webm-vorbis: bf7c407c2cedff20999df2af8eb42d56 -> 
  custom:framework-win-MediaFoundation: 216162199b28c13a410421893ffa2e32 -> 
  custom:container-demuxer-ogg: 62fdf1f143b41e24485cea50d1cbac27 -> 
  custom:video-decoder-webm-vp8: 9c59270c3fd7afecdb556c50c9e8de78 -> 
  custom:audio-decoder-ogg-vorbis: bf7c407c2cedff20999df2af8eb42d56 -> 
========================================================================
Received Import Request.
  Time since last request: 594309.725984 seconds.
  path: Assets/UI/Basic_RPG_Icons/Items/Weapons
  artifactKey: Guid(6a9523ac4e41ac844a94b2df4d4c0e86) Importer(815301076,1909f56bfc062723c751e8b465ee728b)
Start importing Assets/UI/Basic_RPG_Icons/Items/Weapons using Guid(6a9523ac4e41ac844a94b2df4d4c0e86) Importer(815301076,1909f56bfc062723c751e8b465ee728b)  -> (artifact id: 'e4d69c4d3a33f1cc4eb1bbed1d8b126b') in 0.013035 seconds 
========================================================================
Received Import Request.
  Time since last request: 0.065070 seconds.
  path: Assets/UI/Basic_RPG_Icons/Items/Weapons/01_Bow.png
  artifactKey: Guid(fb1e48043961d8f44948225f539a83bb) Importer(815301076,1909f56bfc062723c751e8b465ee728b)
Start importing Assets/UI/Basic_RPG_Icons/Items/Weapons/01_Bow.png using Guid(fb1e48043961d8f44948225f539a83bb) Importer(815301076,1909f56bfc062723c751e8b465ee728b)  -> (artifact id: 'edc03823af072a70ad2c914cdabb1e3e') in 0.085096 seconds 
========================================================================
Received Import Request.
  Time since last request: 0.000023 seconds.
  path: Assets/UI/Basic_RPG_Icons/Items/Weapons/08_Mage_Staff.png
  artifactKey: Guid(ed0a32aeeb2bf0f40ad22e944d930018) Importer(815301076,1909f56bfc062723c751e8b465ee728b)
Start importing Assets/UI/Basic_RPG_Icons/Items/Weapons/08_Mage_Staff.png using Guid(ed0a32aeeb2bf0f40ad22e944d930018) Importer(815301076,1909f56bfc062723c751e8b465ee728b)  -> (artifact id: '1967f4f5752ebb2b985bd30ddc0b79b4') in 0.025062 seconds 
========================================================================
Received Import Request.
  Time since last request: 4.482597 seconds.
  path: Assets/UI/Basic_RPG_Icons/Skills
  artifactKey: Guid(5249a2513ad94ae458828cf95fa4cb1a) Importer(815301076,1909f56bfc062723c751e8b465ee728b)
Start importing Assets/UI/Basic_RPG_Icons/Skills using Guid(5249a2513ad94ae458828cf95fa4cb1a) Importer(815301076,1909f56bfc062723c751e8b465ee728b)  -> (artifact id: 'd37af655b1f176b065913079ecfd453f') in 0.005586 seconds 
========================================================================
Received Import Request.
  Time since last request: 0.101358 seconds.
  path: Assets/UI/Basic_RPG_Icons/Skills/01_Fireball.png
  artifactKey: Guid(9f69b220176e6964fbd87f5f158d45e3) Importer(815301076,1909f56bfc062723c751e8b465ee728b)
Start importing Assets/UI/Basic_RPG_Icons/Skills/01_Fireball.png using Guid(9f69b220176e6964fbd87f5f158d45e3) Importer(815301076,1909f56bfc062723c751e8b465ee728b)  -> (artifact id: '51cbf77c10a62d077a60bd72980b7ea0') in 0.020657 seconds 
========================================================================
Received Import Request.
  Time since last request: 0.000022 seconds.
  path: Assets/UI/Basic_RPG_Icons/Skills/04_Ice_Nova.png
  artifactKey: Guid(6f98b3e70c3ad8a48a0396785dad48e8) Importer(815301076,1909f56bfc062723c751e8b465ee728b)
Start importing Assets/UI/Basic_RPG_Icons/Skills/04_Ice_Nova.png using Guid(6f98b3e70c3ad8a48a0396785dad48e8) Importer(815301076,1909f56bfc062723c751e8b465ee728b)  -> (artifact id: '5d32bb5fc8b8cda941c17a019922400e') in 0.021568 seconds 
========================================================================
Received Import Request.
  Time since last request: 0.000020 seconds.
  path: Assets/UI/Basic_RPG_Icons/Skills/07_Lightning_Strike.png
  artifactKey: Guid(4637953d65a24364aab3372a525b9ed2) Importer(815301076,1909f56bfc062723c751e8b465ee728b)
Start importing Assets/UI/Basic_RPG_Icons/Skills/07_Lightning_Strike.png using Guid(4637953d65a24364aab3372a525b9ed2) Importer(815301076,1909f56bfc062723c751e8b465ee728b)  -> (artifact id: 'f7bcdabc06395c9623318df21cb819d1') in 0.018916 seconds 
========================================================================
Received Import Request.
  Time since last request: 0.002651 seconds.
  path: Assets/UI/Basic_RPG_Icons/Skills/08_Blink.png
  artifactKey: Guid(62ce59ce09148c847b198159a3abc9f6) Importer(815301076,1909f56bfc062723c751e8b465ee728b)
Start importing Assets/UI/Basic_RPG_Icons/Skills/08_Blink.png using Guid(62ce59ce09148c847b198159a3abc9f6) Importer(815301076,1909f56bfc062723c751e8b465ee728b)  -> (artifact id: 'f0f8616ce52c66fbab28069d7c430b9e') in 0.019869 seconds 
========================================================================
Received Import Request.
  Time since last request: 0.009788 seconds.
  path: Assets/UI/Basic_RPG_Icons/Skills/11_Melee_Cone.png
  artifactKey: Guid(e32aad571b880e549a22b1cc2f2f84a2) Importer(815301076,1909f56bfc062723c751e8b465ee728b)
Start importing Assets/UI/Basic_RPG_Icons/Skills/11_Melee_Cone.png using Guid(e32aad571b880e549a22b1cc2f2f84a2) Importer(815301076,1909f56bfc062723c751e8b465ee728b)  -> (artifact id: 'efbfc4e7369d1cbd08de1d7f169ff0fa') in 0.022472 seconds 
========================================================================
Received Import Request.
  Time since last request: 0.000017 seconds.
  path: Assets/UI/Basic_RPG_Icons/Skills/14_Summon.png
  artifactKey: Guid(1d6d7bf04d2101c4ea04650b6d6b911b) Importer(815301076,1909f56bfc062723c751e8b465ee728b)
Start importing Assets/UI/Basic_RPG_Icons/Skills/14_Summon.png using Guid(1d6d7bf04d2101c4ea04650b6d6b911b) Importer(815301076,1909f56bfc062723c751e8b465ee728b)  -> (artifact id: '944d42ab49d22511598b6a8b7171a8d6') in 0.023779 seconds 
========================================================================
Received Import Request.
  Time since last request: 16.417866 seconds.
  path: Assets/UI/Fonts
  artifactKey: Guid(1a8b04e3483232740a141eb274e64b5f) Importer(815301076,1909f56bfc062723c751e8b465ee728b)
Start importing Assets/UI/Fonts using Guid(1a8b04e3483232740a141eb274e64b5f) Importer(815301076,1909f56bfc062723c751e8b465ee728b)  -> (artifact id: 'f6e7bf6fac0818cf4b16b98dce10b005') in 0.005974 seconds 
========================================================================
Received Import Request.
  Time since last request: 2.270176 seconds.
  path: Assets/UI/GUI_Parts
  artifactKey: Guid(3c5965c883e4be3438aee89baac7fdb1) Importer(815301076,1909f56bfc062723c751e8b465ee728b)
Start importing Assets/UI/GUI_Parts using Guid(3c5965c883e4be3438aee89baac7fdb1) Importer(815301076,1909f56bfc062723c751e8b465ee728b)  -> (artifact id: '9dd967ad7e4625086afa19bdb9204dac') in 0.006242 seconds 
========================================================================
Received Import Request.
  Time since last request: 1.168360 seconds.
  path: Assets/UI/GUI_Parts/Icons
  artifactKey: Guid(036595ac03790ba48b5017ed8191039a) Importer(815301076,1909f56bfc062723c751e8b465ee728b)
Start importing Assets/UI/GUI_Parts/Icons using Guid(036595ac03790ba48b5017ed8191039a) Importer(815301076,1909f56bfc062723c751e8b465ee728b)  -> (artifact id: '9b04c4eec8652e6438f8794512c61737') in 0.005966 seconds 
========================================================================
Received Import Request.
  Time since last request: 0.092382 seconds.
  path: Assets/UI/GUI_Parts/Icons/armor_icon.png
  artifactKey: Guid(d659f7396cd57754eba78763cf986c51) Importer(815301076,1909f56bfc062723c751e8b465ee728b)
Start importing Assets/UI/GUI_Parts/Icons/armor_icon.png using Guid(d659f7396cd57754eba78763cf986c51) Importer(815301076,1909f56bfc062723c751e8b465ee728b)  -> (artifact id: '78a1a25d30fdc90a23b5e07d6052360d') in 0.021071 seconds 
========================================================================
Received Import Request.
  Time since last request: 0.019248 seconds.
  path: Assets/UI/GUI_Parts/Icons/skill_icon_02.png
  artifactKey: Guid(2c04f4986ebc72e48a8b0c3eb2e42db2) Importer(815301076,1909f56bfc062723c751e8b465ee728b)
Start importing Assets/UI/GUI_Parts/Icons/skill_icon_02.png using Guid(2c04f4986ebc72e48a8b0c3eb2e42db2) Importer(815301076,1909f56bfc062723c751e8b465ee728b)  -> (artifact id: '2d0dbff4958eddec32567cbae513cd41') in 0.019516 seconds 
========================================================================
Received Import Request.
  Time since last request: 0.013601 seconds.
  path: Assets/UI/GUI_Parts/Icons/skill_icon_03.png
  artifactKey: Guid(8a5f9829a049c704fa992203bfc451f2) Importer(815301076,1909f56bfc062723c751e8b465ee728b)
Start importing Assets/UI/GUI_Parts/Icons/skill_icon_03.png using Guid(8a5f9829a049c704fa992203bfc451f2) Importer(815301076,1909f56bfc062723c751e8b465ee728b)  -> (artifact id: 'b0daf9780e85af8281ea1a1a40af72ff') in 0.020085 seconds 
========================================================================
Received Import Request.
  Time since last request: 0.000019 seconds.
  path: Assets/UI/GUI_Parts/Icons/skill_icon_04_nobg.png
  artifactKey: Guid(9895f5f95566ceb47bb239149d90cb44) Importer(815301076,1909f56bfc062723c751e8b465ee728b)
Start importing Assets/UI/GUI_Parts/Icons/skill_icon_04_nobg.png using Guid(9895f5f95566ceb47bb239149d90cb44) Importer(815301076,1909f56bfc062723c751e8b465ee728b)  -> (artifact id: 'df3c5c8495665b62de8f5e73bd80fb47') in 0.027715 seconds 
========================================================================
Received Import Request.
  Time since last request: 3.200363 seconds.
  path: Assets/UI/GUI_Parts/Gui_parts
  artifactKey: Guid(a957a67a46c13fc4896c247b570581f4) Importer(815301076,1909f56bfc062723c751e8b465ee728b)
Start importing Assets/UI/GUI_Parts/Gui_parts using Guid(a957a67a46c13fc4896c247b570581f4) Importer(815301076,1909f56bfc062723c751e8b465ee728b)  -> (artifact id: 'd70e25527a9ffb767aece7c200ffbafa') in 0.006780 seconds 
========================================================================
Received Import Request.
  Time since last request: 0.624669 seconds.
  path: Assets/UI/GUI_Parts/Gui_parts/bar_ready.png
  artifactKey: Guid(c241e847af767d148b898393a975bb22) Importer(815301076,1909f56bfc062723c751e8b465ee728b)
Start importing Assets/UI/GUI_Parts/Gui_parts/bar_ready.png using Guid(c241e847af767d148b898393a975bb22) Importer(815301076,1909f56bfc062723c751e8b465ee728b)  -> (artifact id: '3e99d3473d3acc1366de7b809a630aa6') in 0.432751 seconds 
========================================================================
Received Import Request.
  Time since last request: 0.000030 seconds.
  path: Assets/UI/GUI_Parts/Gui_parts/button2.png
  artifactKey: Guid(711fb7a2b8e1ff54da609e52c3e729b8) Importer(815301076,1909f56bfc062723c751e8b465ee728b)
Start importing Assets/UI/GUI_Parts/Gui_parts/button2.png using Guid(711fb7a2b8e1ff54da609e52c3e729b8) Importer(815301076,1909f56bfc062723c751e8b465ee728b)  -> (artifact id: '0730ea866bc9cc944ccbb7fae15057da') in 0.020510 seconds 
========================================================================
Received Import Request.
  Time since last request: 0.000028 seconds.
  path: Assets/UI/GUI_Parts/Gui_parts/button2_ready_on.png
  artifactKey: Guid(6b8728d20b5d4c540b335c3789517218) Importer(815301076,1909f56bfc062723c751e8b465ee728b)
Start importing Assets/UI/GUI_Parts/Gui_parts/button2_ready_on.png using Guid(6b8728d20b5d4c540b335c3789517218) Importer(815301076,1909f56bfc062723c751e8b465ee728b)  -> (artifact id: '08ad0d6ab55d99d72430235726aadfbd') in 0.020625 seconds 
========================================================================
Received Import Request.
  Time since last request: 0.010633 seconds.
  path: Assets/UI/GUI_Parts/Gui_parts/button_ready_on.png
  artifactKey: Guid(c9006339b2156b142934eac2999ef67c) Importer(815301076,1909f56bfc062723c751e8b465ee728b)
Start importing Assets/UI/GUI_Parts/Gui_parts/button_ready_on.png using Guid(c9006339b2156b142934eac2999ef67c) Importer(815301076,1909f56bfc062723c751e8b465ee728b)  -> (artifact id: 'c39d985abd6b1f3f226e3a30fa699dd2') in 0.023589 seconds 
========================================================================
Received Import Request.
  Time since last request: 0.014572 seconds.
  path: Assets/UI/GUI_Parts/Gui_parts/Frame_mid_2.png
  artifactKey: Guid(9b886b001545f4f4798d6e3b78a3cfa2) Importer(815301076,1909f56bfc062723c751e8b465ee728b)
Start importing Assets/UI/GUI_Parts/Gui_parts/Frame_mid_2.png using Guid(9b886b001545f4f4798d6e3b78a3cfa2) Importer(815301076,1909f56bfc062723c751e8b465ee728b)  -> (artifact id: '77f9a3ce875a900780d38f3fdf1d7712') in 0.154749 seconds 
========================================================================
Received Import Request.
  Time since last request: 0.000030 seconds.
  path: Assets/UI/GUI_Parts/Gui_parts/Mini_frame0.png
  artifactKey: Guid(4293f3f43e7a5524dbcb191b0ef09d9c) Importer(815301076,1909f56bfc062723c751e8b465ee728b)
Start importing Assets/UI/GUI_Parts/Gui_parts/Mini_frame0.png using Guid(4293f3f43e7a5524dbcb191b0ef09d9c) Importer(815301076,1909f56bfc062723c751e8b465ee728b)  -> (artifact id: '13191efb7ad03e17d9e5854ea17bad6f') in 0.018246 seconds 
========================================================================
Received Import Request.
  Time since last request: 0.000025 seconds.
  path: Assets/UI/GUI_Parts/Gui_parts/warrior_silhouette_man.png
  artifactKey: Guid(cc8e2be9532fbc543af51c6932181466) Importer(815301076,1909f56bfc062723c751e8b465ee728b)
Start importing Assets/UI/GUI_Parts/Gui_parts/warrior_silhouette_man.png using Guid(cc8e2be9532fbc543af51c6932181466) Importer(815301076,1909f56bfc062723c751e8b465ee728b)  -> (artifact id: 'd7f4a89b8d1f91efe5729eb80bfc8529') in 0.130205 seconds 
========================================================================
Received Import Request.
  Time since last request: 0.000027 seconds.
  path: Assets/UI/GUI_Parts/Gui_parts/name_bar.png
  artifactKey: Guid(7491a4e8767295b409ec7ee0eed9d694) Importer(815301076,1909f56bfc062723c751e8b465ee728b)
Start importing Assets/UI/GUI_Parts/Gui_parts/name_bar.png using Guid(7491a4e8767295b409ec7ee0eed9d694) Importer(815301076,1909f56bfc062723c751e8b465ee728b)  -> (artifact id: 'd40a36023df9428c52acc4780cd874a8') in 0.029760 seconds 
========================================================================
Received Import Request.
  Time since last request: 0.000021 seconds.
  path: Assets/UI/GUI_Parts/Gui_parts/name_bar3.png
  artifactKey: Guid(12eaceb7341922b4398ff20c8bbcff90) Importer(815301076,1909f56bfc062723c751e8b465ee728b)
Start importing Assets/UI/GUI_Parts/Gui_parts/name_bar3.png using Guid(12eaceb7341922b4398ff20c8bbcff90) Importer(815301076,1909f56bfc062723c751e8b465ee728b)  -> (artifact id: '9139e704ede545df30fe87a3a22c0abe') in 0.024779 seconds 
========================================================================
Received Import Request.
  Time since last request: 1554.425483 seconds.
  path: Assets/UI/GUI_Parts/Gui_parts/lil_roundbackground 1.png
  artifactKey: Guid(90e6fa0d0d99e6a4b977ed0889b0fc25) Importer(815301076,1909f56bfc062723c751e8b465ee728b)
Start importing Assets/UI/GUI_Parts/Gui_parts/lil_roundbackground 1.png using Guid(90e6fa0d0d99e6a4b977ed0889b0fc25) Importer(815301076,1909f56bfc062723c751e8b465ee728b)  -> (artifact id: '1cbcb76d5a373cd1775ed753fabbdb41') in 0.019643 seconds 
========================================================================
Received Import Request.
  Time since last request: 109.615191 seconds.
  path: Assets/UI/GUI_Parts/Gui_parts/lil_roundbackground white.png
  artifactKey: Guid(b8100717344d4f1428b08d55b18540a9) Importer(815301076,1909f56bfc062723c751e8b465ee728b)
Start importing Assets/UI/GUI_Parts/Gui_parts/lil_roundbackground white.png using Guid(b8100717344d4f1428b08d55b18540a9) Importer(815301076,1909f56bfc062723c751e8b465ee728b)  -> (artifact id: '5ba6c8f58281b7138c26446c9a5fdcf5') in 0.024092 seconds 
========================================================================
Received Import Request.
  Time since last request: 19.153122 seconds.
  path: Assets/UI/GUI_Parts/Gui_parts/lil_roundbackground white.png
  artifactKey: Guid(b8100717344d4f1428b08d55b18540a9) Importer(815301076,1909f56bfc062723c751e8b465ee728b)
Start importing Assets/UI/GUI_Parts/Gui_parts/lil_roundbackground white.png using Guid(b8100717344d4f1428b08d55b18540a9) Importer(815301076,1909f56bfc062723c751e8b465ee728b)  -> (artifact id: '51fc8da783b2213824b9a71060e5324d') in 0.010446 seconds 
========================================================================
Received Import Request.
  Time since last request: 12.654479 seconds.
  path: Assets/UI/GUI_Parts/Gui_parts/lil_roundbackground white.png
  artifactKey: Guid(b8100717344d4f1428b08d55b18540a9) Importer(815301076,1909f56bfc062723c751e8b465ee728b)
Start importing Assets/UI/GUI_Parts/Gui_parts/lil_roundbackground white.png using Guid(b8100717344d4f1428b08d55b18540a9) Importer(815301076,1909f56bfc062723c751e8b465ee728b)  -> (artifact id: '04b9c620ff61c37ea7dae74b5507f037') in 0.013376 seconds 
========================================================================
Received Prepare
Registering precompiled user dll's ...
Registered in 0.010306 seconds.
Begin MonoManager ReloadAssembly
Symbol file LoadedFromMemory doesn't match image D:\UnityProjects\Vr-Sandbox\Library\PackageCache\com.unity.visualscripting@1.7.8\Editor\VisualScripting.Core\Dependencies\DotNetZip\Unity.VisualScripting.IonicZip.dll
Symbol file LoadedFromMemory doesn't match image D:\UnityProjects\Vr-Sandbox\Library\PackageCache\com.unity.visualscripting@1.7.8\Editor\VisualScripting.Core\Dependencies\YamlDotNet\Unity.VisualScripting.YamlDotNet.dll
Native extension for UWP target not found
Native extension for LinuxStandalone target not found
Native extension for WindowsStandalone target not found
Native extension for AppleTV target not found
Native extension for iOS target not found
Native extension for Android target not found
Native extension for OSXStandalone target not found
Native extension for WebGL target not found
Refreshing native plugins compatible for Editor in 1.00 ms, found 12 plugins.
Preloading 1 native plugins for Editor in 0.04 ms.
[Package Manager] Server::EnsureServerProcessIsRunning -- launch failed, reason: Unity was launched with the -noUpm command-line argument
[Package Manager] UpmClient::Send -- Unable to send message (not connected to UPM process).
[Package Manager] Cannot connect to Unity Package Manager local server
System.Reflection.TargetInvocationException: Exception has been thrown by the target of an invocation. ---> System.NullReferenceException: Object reference not set to an instance of an object
  at Unity.XR.Oculus.OculusLoader.AssetPathToAbsolutePath (System.String assetPath) [0x0003d] in D:\UnityProjects\Vr-Sandbox\Library\PackageCache\com.unity.xr.oculus@3.0.2\Runtime\OculusLoader.cs:271 
  at Unity.XR.Oculus.OculusLoader.EditorLoadOVRPlugin () [0x0007b] in D:\UnityProjects\Vr-Sandbox\Library\PackageCache\com.unity.xr.oculus@3.0.2\Runtime\OculusLoader.cs:256 
  at (wrapper managed-to-native) System.Reflection.RuntimeMethodInfo.InternalInvoke(System.Reflection.RuntimeMethodInfo,object,object[],System.Exception&)
  at System.Reflection.RuntimeMethodInfo.Invoke (System.Object obj, System.Reflection.BindingFlags invokeAttr, System.Reflection.Binder binder, System.Object[] parameters, System.Globalization.CultureInfo culture) [0x0006a] in <f3aec01a34d14c7080754e28743c8472>:0 
   --- End of inner exception stack trace ---
  at System.Reflection.RuntimeMethodInfo.Invoke (System.Object obj, System.Reflection.BindingFlags invokeAttr, System.Reflection.Binder binder, System.Object[] parameters, System.Globalization.CultureInfo culture) [0x00083] in <f3aec01a34d14c7080754e28743c8472>:0 
  at System.Reflection.MethodBase.Invoke (System.Object obj, System.Object[] parameters) [0x00000] in <f3aec01a34d14c7080754e28743c8472>:0 
  at UnityEditor.EditorAssemblies.ProcessInitializeOnLoadMethodAttributes () [0x000a5] in <f90799373c314538a0c910377078306d>:0 
UnityEngine.StackTraceUtility:ExtractStackTrace ()
UnityEngine.DebugLogHandler:LogFormat (UnityEngine.LogType,UnityEngine.Object,string,object[])
UnityEngine.Logger:Log (UnityEngine.LogType,object)
UnityEngine.Debug:LogError (object)
UnityEditor.EditorAssemblies:ProcessInitializeOnLoadMethodAttributes ()

Mono: successfully reloaded assembly
[Package Manager] Server::EnsureServerProcessIsRunning -- launch failed, reason: Unity was launched with the -noUpm command-line argument
[Package Manager] UpmClient::Send -- Unable to send message (not connected to UPM process).
[Package Manager] Cannot connect to Unity Package Manager local server
- Completed reload, in  0.968 seconds
Domain Reload Profiling:
	ReloadAssembly (969ms)
		BeginReloadAssembly (115ms)
			ExecutionOrderSort (0ms)
			DisableScriptedObjects (3ms)
			BackupInstance (0ms)
			ReleaseScriptingObjects (0ms)
			CreateAndSetChildDomain (36ms)
		EndReloadAssembly (787ms)
			LoadAssemblies (85ms)
			RebuildTransferFunctionScriptingTraits (0ms)
			SetupTypeCache (259ms)
				TypeCache.Initialize (250ms)
					TypeCache.ScanAssembly (245ms)
				ResolveRequiredComponents (8ms)
			ReleaseScriptCaches (1ms)
			RebuildScriptCaches (33ms)
			SetupLoadedEditorAssemblies (381ms)
				LogAssemblyErrors (0ms)
				InitializePlatformSupportModulesInManaged (22ms)
				SetLoadedEditorAssemblies (5ms)
				RefreshPlugins (1ms)
				BeforeProcessingInitializeOnLoad (60ms)
				ProcessInitializeOnLoadAttributes (226ms)
				ProcessInitializeOnLoadMethodAttributes (65ms)
				AfterProcessingInitializeOnLoad (2ms)
				EditorAssembliesLoaded (0ms)
			ExecutionOrderSort2 (0ms)
			AwakeInstancesAfterBackupRestoration (5ms)
Platform modules already initialized, skipping
Refreshing native plugins compatible for Editor in 3.47 ms, found 12 plugins.
Preloading 1 native plugins for Editor in 0.04 ms.
Unloading 6126 Unused Serialized files (Serialized files now loaded: 0)
Unloading 44 unused Assets / (348.4 KB). Loaded Objects now: 6823.
Memory consumption went from 0.99 GB to 0.99 GB.
Total: 3.286200 ms (FindLiveObjects: 0.379600 ms CreateObjectMapping: 0.344300 ms MarkObjects: 2.494100 ms  DeleteObjects: 0.067300 ms)

AssetImportParameters requested are different than current active one (requested -> active):
  custom:video-decoder-ogg-theora: a1e56fd34408186e4bbccfd4996cb3dc -> 
  custom:container-muxer-webm: aa71ff27fc2769a1b78a27578f13a17b -> 
  custom:container-demuxer-webm: 4f35f7cbe854078d1ac9338744f61a02 -> 
  custom:video-encoder-webm-vp8: eb34c28f22e8b96e1ab97ce403110664 -> 
  custom:audio-encoder-webm-vorbis: bf7c407c2cedff20999df2af8eb42d56 -> 
  custom:framework-win-MediaFoundation: 216162199b28c13a410421893ffa2e32 -> 
  custom:container-demuxer-ogg: 62fdf1f143b41e24485cea50d1cbac27 -> 
  custom:video-decoder-webm-vp8: 9c59270c3fd7afecdb556c50c9e8de78 -> 
  custom:audio-decoder-ogg-vorbis: bf7c407c2cedff20999df2af8eb42d56 -> 
========================================================================
Received Prepare
Registering precompiled user dll's ...
Registered in 0.007862 seconds.
Begin MonoManager ReloadAssembly
Symbol file LoadedFromMemory doesn't match image D:\UnityProjects\Vr-Sandbox\Library\PackageCache\com.unity.visualscripting@1.7.8\Editor\VisualScripting.Core\Dependencies\DotNetZip\Unity.VisualScripting.IonicZip.dll
Symbol file LoadedFromMemory doesn't match image D:\UnityProjects\Vr-Sandbox\Library\PackageCache\com.unity.visualscripting@1.7.8\Editor\VisualScripting.Core\Dependencies\YamlDotNet\Unity.VisualScripting.YamlDotNet.dll
Native extension for UWP target not found
Native extension for LinuxStandalone target not found
Native extension for WindowsStandalone target not found
Native extension for AppleTV target not found
Native extension for iOS target not found
Native extension for Android target not found
Native extension for OSXStandalone target not found
Native extension for WebGL target not found
Refreshing native plugins compatible for Editor in 1.07 ms, found 12 plugins.
Preloading 1 native plugins for Editor in 0.04 ms.
[Package Manager] Server::EnsureServerProcessIsRunning -- launch failed, reason: Unity was launched with the -noUpm command-line argument
[Package Manager] UpmClient::Send -- Unable to send message (not connected to UPM process).
[Package Manager] Cannot connect to Unity Package Manager local server
System.Reflection.TargetInvocationException: Exception has been thrown by the target of an invocation. ---> System.NullReferenceException: Object reference not set to an instance of an object
  at Unity.XR.Oculus.OculusLoader.AssetPathToAbsolutePath (System.String assetPath) [0x0003d] in D:\UnityProjects\Vr-Sandbox\Library\PackageCache\com.unity.xr.oculus@3.0.2\Runtime\OculusLoader.cs:271 
  at Unity.XR.Oculus.OculusLoader.EditorLoadOVRPlugin () [0x0007b] in D:\UnityProjects\Vr-Sandbox\Library\PackageCache\com.unity.xr.oculus@3.0.2\Runtime\OculusLoader.cs:256 
  at (wrapper managed-to-native) System.Reflection.RuntimeMethodInfo.InternalInvoke(System.Reflection.RuntimeMethodInfo,object,object[],System.Exception&)
  at System.Reflection.RuntimeMethodInfo.Invoke (System.Object obj, System.Reflection.BindingFlags invokeAttr, System.Reflection.Binder binder, System.Object[] parameters, System.Globalization.CultureInfo culture) [0x0006a] in <f3aec01a34d14c7080754e28743c8472>:0 
   --- End of inner exception stack trace ---
  at System.Reflection.RuntimeMethodInfo.Invoke (System.Object obj, System.Reflection.BindingFlags invokeAttr, System.Reflection.Binder binder, System.Object[] parameters, System.Globalization.CultureInfo culture) [0x00083] in <f3aec01a34d14c7080754e28743c8472>:0 
  at System.Reflection.MethodBase.Invoke (System.Object obj, System.Object[] parameters) [0x00000] in <f3aec01a34d14c7080754e28743c8472>:0 
  at UnityEditor.EditorAssemblies.ProcessInitializeOnLoadMethodAttributes () [0x000a5] in <f90799373c314538a0c910377078306d>:0 
UnityEngine.StackTraceUtility:ExtractStackTrace ()
UnityEngine.DebugLogHandler:LogFormat (UnityEngine.LogType,UnityEngine.Object,string,object[])
UnityEngine.Logger:Log (UnityEngine.LogType,object)
UnityEngine.Debug:LogError (object)
UnityEditor.EditorAssemblies:ProcessInitializeOnLoadMethodAttributes ()

Mono: successfully reloaded assembly
[Package Manager] Server::EnsureServerProcessIsRunning -- launch failed, reason: Unity was launched with the -noUpm command-line argument
[Package Manager] UpmClient::Send -- Unable to send message (not connected to UPM process).
[Package Manager] Cannot connect to Unity Package Manager local server
- Completed reload, in  1.077 seconds
Domain Reload Profiling:
	ReloadAssembly (1078ms)
		BeginReloadAssembly (144ms)
			ExecutionOrderSort (0ms)
			DisableScriptedObjects (4ms)
			BackupInstance (0ms)
			ReleaseScriptingObjects (0ms)
			CreateAndSetChildDomain (41ms)
		EndReloadAssembly (863ms)
			LoadAssemblies (107ms)
			RebuildTransferFunctionScriptingTraits (0ms)
			SetupTypeCache (272ms)
				TypeCache.Initialize (262ms)
					TypeCache.ScanAssembly (255ms)
				ResolveRequiredComponents (10ms)
			ReleaseScriptCaches (2ms)
			RebuildScriptCaches (37ms)
			SetupLoadedEditorAssemblies (424ms)
				LogAssemblyErrors (0ms)
				InitializePlatformSupportModulesInManaged (24ms)
				SetLoadedEditorAssemblies (5ms)
				RefreshPlugins (1ms)
				BeforeProcessingInitializeOnLoad (64ms)
				ProcessInitializeOnLoadAttributes (252ms)
				ProcessInitializeOnLoadMethodAttributes (76ms)
				AfterProcessingInitializeOnLoad (2ms)
				EditorAssembliesLoaded (0ms)
			ExecutionOrderSort2 (0ms)
			AwakeInstancesAfterBackupRestoration (6ms)
Platform modules already initialized, skipping
Refreshing native plugins compatible for Editor in 3.80 ms, found 12 plugins.
Preloading 1 native plugins for Editor in 0.04 ms.
Unloading 6126 Unused Serialized files (Serialized files now loaded: 0)
Unloading 44 unused Assets / (348.3 KB). Loaded Objects now: 6828.
Memory consumption went from 0.99 GB to 0.99 GB.
Total: 3.132300 ms (FindLiveObjects: 0.457600 ms CreateObjectMapping: 0.236100 ms MarkObjects: 2.367100 ms  DeleteObjects: 0.070300 ms)

AssetImportParameters requested are different than current active one (requested -> active):
  custom:video-decoder-ogg-theora: a1e56fd34408186e4bbccfd4996cb3dc -> 
  custom:container-muxer-webm: aa71ff27fc2769a1b78a27578f13a17b -> 
  custom:container-demuxer-webm: 4f35f7cbe854078d1ac9338744f61a02 -> 
  custom:video-encoder-webm-vp8: eb34c28f22e8b96e1ab97ce403110664 -> 
  custom:audio-encoder-webm-vorbis: bf7c407c2cedff20999df2af8eb42d56 -> 
  custom:framework-win-MediaFoundation: 216162199b28c13a410421893ffa2e32 -> 
  custom:container-demuxer-ogg: 62fdf1f143b41e24485cea50d1cbac27 -> 
  custom:video-decoder-webm-vp8: 9c59270c3fd7afecdb556c50c9e8de78 -> 
  custom:audio-decoder-ogg-vorbis: bf7c407c2cedff20999df2af8eb42d56 -> 
========================================================================
Received Prepare
Registering precompiled user dll's ...
Registered in 0.009103 seconds.
Begin MonoManager ReloadAssembly
Symbol file LoadedFromMemory doesn't match image D:\UnityProjects\Vr-Sandbox\Library\PackageCache\com.unity.visualscripting@1.7.8\Editor\VisualScripting.Core\Dependencies\DotNetZip\Unity.VisualScripting.IonicZip.dll
Symbol file LoadedFromMemory doesn't match image D:\UnityProjects\Vr-Sandbox\Library\PackageCache\com.unity.visualscripting@1.7.8\Editor\VisualScripting.Core\Dependencies\YamlDotNet\Unity.VisualScripting.YamlDotNet.dll
Native extension for UWP target not found
Native extension for LinuxStandalone target not found
Native extension for WindowsStandalone target not found
Native extension for AppleTV target not found
Native extension for iOS target not found
Native extension for Android target not found
Native extension for OSXStandalone target not found
Native extension for WebGL target not found
Refreshing native plugins compatible for Editor in 1.09 ms, found 12 plugins.
Preloading 1 native plugins for Editor in 0.06 ms.
[Package Manager] Server::EnsureServerProcessIsRunning -- launch failed, reason: Unity was launched with the -noUpm command-line argument
[Package Manager] UpmClient::Send -- Unable to send message (not connected to UPM process).
[Package Manager] Cannot connect to Unity Package Manager local server
System.Reflection.TargetInvocationException: Exception has been thrown by the target of an invocation. ---> System.NullReferenceException: Object reference not set to an instance of an object
  at Unity.XR.Oculus.OculusLoader.AssetPathToAbsolutePath (System.String assetPath) [0x0003d] in D:\UnityProjects\Vr-Sandbox\Library\PackageCache\com.unity.xr.oculus@3.0.2\Runtime\OculusLoader.cs:271 
  at Unity.XR.Oculus.OculusLoader.EditorLoadOVRPlugin () [0x0007b] in D:\UnityProjects\Vr-Sandbox\Library\PackageCache\com.unity.xr.oculus@3.0.2\Runtime\OculusLoader.cs:256 
  at (wrapper managed-to-native) System.Reflection.RuntimeMethodInfo.InternalInvoke(System.Reflection.RuntimeMethodInfo,object,object[],System.Exception&)
  at System.Reflection.RuntimeMethodInfo.Invoke (System.Object obj, System.Reflection.BindingFlags invokeAttr, System.Reflection.Binder binder, System.Object[] parameters, System.Globalization.CultureInfo culture) [0x0006a] in <f3aec01a34d14c7080754e28743c8472>:0 
   --- End of inner exception stack trace ---
  at System.Reflection.RuntimeMethodInfo.Invoke (System.Object obj, System.Reflection.BindingFlags invokeAttr, System.Reflection.Binder binder, System.Object[] parameters, System.Globalization.CultureInfo culture) [0x00083] in <f3aec01a34d14c7080754e28743c8472>:0 
  at System.Reflection.MethodBase.Invoke (System.Object obj, System.Object[] parameters) [0x00000] in <f3aec01a34d14c7080754e28743c8472>:0 
  at UnityEditor.EditorAssemblies.ProcessInitializeOnLoadMethodAttributes () [0x000a5] in <f90799373c314538a0c910377078306d>:0 
UnityEngine.StackTraceUtility:ExtractStackTrace ()
UnityEngine.DebugLogHandler:LogFormat (UnityEngine.LogType,UnityEngine.Object,string,object[])
UnityEngine.Logger:Log (UnityEngine.LogType,object)
UnityEngine.Debug:LogError (object)
UnityEditor.EditorAssemblies:ProcessInitializeOnLoadMethodAttributes ()

Mono: successfully reloaded assembly
[Package Manager] Server::EnsureServerProcessIsRunning -- launch failed, reason: Unity was launched with the -noUpm command-line argument
[Package Manager] UpmClient::Send -- Unable to send message (not connected to UPM process).
[Package Manager] Cannot connect to Unity Package Manager local server
- Completed reload, in  1.086 seconds
Domain Reload Profiling:
	ReloadAssembly (1087ms)
		BeginReloadAssembly (122ms)
			ExecutionOrderSort (0ms)
			DisableScriptedObjects (4ms)
			BackupInstance (0ms)
			ReleaseScriptingObjects (0ms)
			CreateAndSetChildDomain (39ms)
		EndReloadAssembly (889ms)
			LoadAssemblies (89ms)
			RebuildTransferFunctionScriptingTraits (0ms)
			SetupTypeCache (283ms)
				TypeCache.Initialize (274ms)
					TypeCache.ScanAssembly (268ms)
				ResolveRequiredComponents (9ms)
			ReleaseScriptCaches (2ms)
			RebuildScriptCaches (39ms)
			SetupLoadedEditorAssemblies (434ms)
				LogAssemblyErrors (0ms)
				InitializePlatformSupportModulesInManaged (32ms)
				SetLoadedEditorAssemblies (5ms)
				RefreshPlugins (1ms)
				BeforeProcessingInitializeOnLoad (76ms)
				ProcessInitializeOnLoadAttributes (248ms)
				ProcessInitializeOnLoadMethodAttributes (70ms)
				AfterProcessingInitializeOnLoad (2ms)
				EditorAssembliesLoaded (0ms)
			ExecutionOrderSort2 (0ms)
			AwakeInstancesAfterBackupRestoration (6ms)
Platform modules already initialized, skipping
Refreshing native plugins compatible for Editor in 3.99 ms, found 12 plugins.
Preloading 1 native plugins for Editor in 0.04 ms.
Unloading 6126 Unused Serialized files (Serialized files now loaded: 0)
Unloading 44 unused Assets / (350.4 KB). Loaded Objects now: 6833.
Memory consumption went from 0.99 GB to 0.99 GB.
Total: 3.331300 ms (FindLiveObjects: 0.359400 ms CreateObjectMapping: 0.312500 ms MarkObjects: 2.584100 ms  DeleteObjects: 0.074000 ms)

AssetImportParameters requested are different than current active one (requested -> active):
  custom:video-decoder-ogg-theora: a1e56fd34408186e4bbccfd4996cb3dc -> 
  custom:container-muxer-webm: aa71ff27fc2769a1b78a27578f13a17b -> 
  custom:container-demuxer-webm: 4f35f7cbe854078d1ac9338744f61a02 -> 
  custom:video-encoder-webm-vp8: eb34c28f22e8b96e1ab97ce403110664 -> 
  custom:audio-encoder-webm-vorbis: bf7c407c2cedff20999df2af8eb42d56 -> 
  custom:framework-win-MediaFoundation: 216162199b28c13a410421893ffa2e32 -> 
  custom:container-demuxer-ogg: 62fdf1f143b41e24485cea50d1cbac27 -> 
  custom:video-decoder-webm-vp8: 9c59270c3fd7afecdb556c50c9e8de78 -> 
  custom:audio-decoder-ogg-vorbis: bf7c407c2cedff20999df2af8eb42d56 -> 
========================================================================
Received Prepare
Registering precompiled user dll's ...
Registered in 0.007199 seconds.
Begin MonoManager ReloadAssembly
Symbol file LoadedFromMemory doesn't match image D:\UnityProjects\Vr-Sandbox\Library\PackageCache\com.unity.visualscripting@1.7.8\Editor\VisualScripting.Core\Dependencies\DotNetZip\Unity.VisualScripting.IonicZip.dll
Symbol file LoadedFromMemory doesn't match image D:\UnityProjects\Vr-Sandbox\Library\PackageCache\com.unity.visualscripting@1.7.8\Editor\VisualScripting.Core\Dependencies\YamlDotNet\Unity.VisualScripting.YamlDotNet.dll
Native extension for UWP target not found
Native extension for LinuxStandalone target not found
Native extension for WindowsStandalone target not found
Native extension for AppleTV target not found
Native extension for iOS target not found
Native extension for Android target not found
Native extension for OSXStandalone target not found
Native extension for WebGL target not found
Refreshing native plugins compatible for Editor in 1.09 ms, found 12 plugins.
Preloading 1 native plugins for Editor in 0.05 ms.
[Package Manager] Server::EnsureServerProcessIsRunning -- launch failed, reason: Unity was launched with the -noUpm command-line argument
[Package Manager] UpmClient::Send -- Unable to send message (not connected to UPM process).
[Package Manager] Cannot connect to Unity Package Manager local server
System.Reflection.TargetInvocationException: Exception has been thrown by the target of an invocation. ---> System.NullReferenceException: Object reference not set to an instance of an object
  at Unity.XR.Oculus.OculusLoader.AssetPathToAbsolutePath (System.String assetPath) [0x0003d] in D:\UnityProjects\Vr-Sandbox\Library\PackageCache\com.unity.xr.oculus@3.0.2\Runtime\OculusLoader.cs:271 
  at Unity.XR.Oculus.OculusLoader.EditorLoadOVRPlugin () [0x0007b] in D:\UnityProjects\Vr-Sandbox\Library\PackageCache\com.unity.xr.oculus@3.0.2\Runtime\OculusLoader.cs:256 
  at (wrapper managed-to-native) System.Reflection.RuntimeMethodInfo.InternalInvoke(System.Reflection.RuntimeMethodInfo,object,object[],System.Exception&)
  at System.Reflection.RuntimeMethodInfo.Invoke (System.Object obj, System.Reflection.BindingFlags invokeAttr, System.Reflection.Binder binder, System.Object[] parameters, System.Globalization.CultureInfo culture) [0x0006a] in <f3aec01a34d14c7080754e28743c8472>:0 
   --- End of inner exception stack trace ---
  at System.Reflection.RuntimeMethodInfo.Invoke (System.Object obj, System.Reflection.BindingFlags invokeAttr, System.Reflection.Binder binder, System.Object[] parameters, System.Globalization.CultureInfo culture) [0x00083] in <f3aec01a34d14c7080754e28743c8472>:0 
  at System.Reflection.MethodBase.Invoke (System.Object obj, System.Object[] parameters) [0x00000] in <f3aec01a34d14c7080754e28743c8472>:0 
  at UnityEditor.EditorAssemblies.ProcessInitializeOnLoadMethodAttributes () [0x000a5] in <f90799373c314538a0c910377078306d>:0 
UnityEngine.StackTraceUtility:ExtractStackTrace ()
UnityEngine.DebugLogHandler:LogFormat (UnityEngine.LogType,UnityEngine.Object,string,object[])
UnityEngine.Logger:Log (UnityEngine.LogType,object)
UnityEngine.Debug:LogError (object)
UnityEditor.EditorAssemblies:ProcessInitializeOnLoadMethodAttributes ()

Mono: successfully reloaded assembly
[Package Manager] Server::EnsureServerProcessIsRunning -- launch failed, reason: Unity was launched with the -noUpm command-line argument
[Package Manager] UpmClient::Send -- Unable to send message (not connected to UPM process).
[Package Manager] Cannot connect to Unity Package Manager local server
- Completed reload, in  1.064 seconds
Domain Reload Profiling:
	ReloadAssembly (1064ms)
		BeginReloadAssembly (131ms)
			ExecutionOrderSort (0ms)
			DisableScriptedObjects (4ms)
			BackupInstance (0ms)
			ReleaseScriptingObjects (0ms)
			CreateAndSetChildDomain (41ms)
		EndReloadAssembly (852ms)
			LoadAssemblies (93ms)
			RebuildTransferFunctionScriptingTraits (0ms)
			SetupTypeCache (260ms)
				TypeCache.Initialize (248ms)
					TypeCache.ScanAssembly (242ms)
				ResolveRequiredComponents (12ms)
			ReleaseScriptCaches (2ms)
			RebuildScriptCaches (39ms)
			SetupLoadedEditorAssemblies (425ms)
				LogAssemblyErrors (0ms)
				InitializePlatformSupportModulesInManaged (24ms)
				SetLoadedEditorAssemblies (4ms)
				RefreshPlugins (1ms)
				BeforeProcessingInitializeOnLoad (71ms)
				ProcessInitializeOnLoadAttributes (244ms)
				ProcessInitializeOnLoadMethodAttributes (78ms)
				AfterProcessingInitializeOnLoad (2ms)
				EditorAssembliesLoaded (0ms)
			ExecutionOrderSort2 (0ms)
			AwakeInstancesAfterBackupRestoration (5ms)
Platform modules already initialized, skipping
Refreshing native plugins compatible for Editor in 3.66 ms, found 12 plugins.
Preloading 1 native plugins for Editor in 0.05 ms.
Unloading 6126 Unused Serialized files (Serialized files now loaded: 0)
Unloading 44 unused Assets / (348.4 KB). Loaded Objects now: 6838.
Memory consumption went from 0.99 GB to 0.99 GB.
Total: 3.596600 ms (FindLiveObjects: 0.354300 ms CreateObjectMapping: 0.277900 ms MarkObjects: 2.866700 ms  DeleteObjects: 0.096700 ms)

AssetImportParameters requested are different than current active one (requested -> active):
  custom:video-decoder-ogg-theora: a1e56fd34408186e4bbccfd4996cb3dc -> 
  custom:container-muxer-webm: aa71ff27fc2769a1b78a27578f13a17b -> 
  custom:container-demuxer-webm: 4f35f7cbe854078d1ac9338744f61a02 -> 
  custom:video-encoder-webm-vp8: eb34c28f22e8b96e1ab97ce403110664 -> 
  custom:audio-encoder-webm-vorbis: bf7c407c2cedff20999df2af8eb42d56 -> 
  custom:framework-win-MediaFoundation: 216162199b28c13a410421893ffa2e32 -> 
  custom:container-demuxer-ogg: 62fdf1f143b41e24485cea50d1cbac27 -> 
  custom:video-decoder-webm-vp8: 9c59270c3fd7afecdb556c50c9e8de78 -> 
  custom:audio-decoder-ogg-vorbis: bf7c407c2cedff20999df2af8eb42d56 -> 
========================================================================
Received Import Request.
  Time since last request: 2871.237437 seconds.
  path: Assets/Prefabs/Left Hand Model.prefab
  artifactKey: Guid(5d6681be7f2d74e4384735788a0e53ba) Importer(815301076,1909f56bfc062723c751e8b465ee728b)
Start importing Assets/Prefabs/Left Hand Model.prefab using Guid(5d6681be7f2d74e4384735788a0e53ba) Importer(815301076,1909f56bfc062723c751e8b465ee728b)  -> (artifact id: '32b7e5515c4d8558895273608e9817c0') in 0.195590 seconds 
========================================================================
Received Import Request.
  Time since last request: 6.395088 seconds.
  path: Assets/Prefabs/Left Hand Model.prefab
  artifactKey: Guid(5d6681be7f2d74e4384735788a0e53ba) Importer(815301076,1909f56bfc062723c751e8b465ee728b)
Start importing Assets/Prefabs/Left Hand Model.prefab using Guid(5d6681be7f2d74e4384735788a0e53ba) Importer(815301076,1909f56bfc062723c751e8b465ee728b)  -> (artifact id: 'bcdadf2de12ba79fce76a7b639062beb') in 0.014250 seconds 
========================================================================
Received Import Request.
  Time since last request: 35.614763 seconds.
  path: Assets/Prefabs/Left Hand Model.prefab
  artifactKey: Guid(5d6681be7f2d74e4384735788a0e53ba) Importer(815301076,1909f56bfc062723c751e8b465ee728b)
Start importing Assets/Prefabs/Left Hand Model.prefab using Guid(5d6681be7f2d74e4384735788a0e53ba) Importer(815301076,1909f56bfc062723c751e8b465ee728b)  -> (artifact id: 'c770f71cd8c670c8d39cb005d6bdf5f2') in 0.018234 seconds 
========================================================================
Received Import Request.
  Time since last request: 5.227069 seconds.
  path: Assets/Prefabs/Left Hand Model.prefab
  artifactKey: Guid(5d6681be7f2d74e4384735788a0e53ba) Importer(815301076,1909f56bfc062723c751e8b465ee728b)
Start importing Assets/Prefabs/Left Hand Model.prefab using Guid(5d6681be7f2d74e4384735788a0e53ba) Importer(815301076,1909f56bfc062723c751e8b465ee728b)  -> (artifact id: '74441e91345c975a0b81e03b2da43c3e') in 0.019757 seconds 
========================================================================
Received Import Request.
  Time since last request: 1.362531 seconds.
  path: Assets/Prefabs/Left Hand Model.prefab
  artifactKey: Guid(5d6681be7f2d74e4384735788a0e53ba) Importer(815301076,1909f56bfc062723c751e8b465ee728b)
Start importing Assets/Prefabs/Left Hand Model.prefab using Guid(5d6681be7f2d74e4384735788a0e53ba) Importer(815301076,1909f56bfc062723c751e8b465ee728b)  -> (artifact id: 'a03289ad29bece9bf5a0dde5ee336d93') in 0.019471 seconds 
========================================================================
Received Import Request.
  Time since last request: 4.230301 seconds.
  path: Assets/Prefabs/Left Hand Model.prefab
  artifactKey: Guid(5d6681be7f2d74e4384735788a0e53ba) Importer(815301076,1909f56bfc062723c751e8b465ee728b)
Start importing Assets/Prefabs/Left Hand Model.prefab using Guid(5d6681be7f2d74e4384735788a0e53ba) Importer(815301076,1909f56bfc062723c751e8b465ee728b)  -> (artifact id: '8df9b200e4cb56683e333f434402b9e0') in 0.015004 seconds 
========================================================================
Received Import Request.
  Time since last request: 2.044783 seconds.
  path: Assets/Prefabs/Left Hand Model.prefab
  artifactKey: Guid(5d6681be7f2d74e4384735788a0e53ba) Importer(815301076,1909f56bfc062723c751e8b465ee728b)
Start importing Assets/Prefabs/Left Hand Model.prefab using Guid(5d6681be7f2d74e4384735788a0e53ba) Importer(815301076,1909f56bfc062723c751e8b465ee728b)  -> (artifact id: '8842836071f41cd3456aefc47919b0fa') in 0.019040 seconds 
========================================================================
Received Import Request.
  Time since last request: 1.700063 seconds.
  path: Assets/Prefabs/Left Hand Model.prefab
  artifactKey: Guid(5d6681be7f2d74e4384735788a0e53ba) Importer(815301076,1909f56bfc062723c751e8b465ee728b)
Start importing Assets/Prefabs/Left Hand Model.prefab using Guid(5d6681be7f2d74e4384735788a0e53ba) Importer(815301076,1909f56bfc062723c751e8b465ee728b)  -> (artifact id: 'b66d4e90689ffb7495c2c0a58193ed43') in 0.017486 seconds 
========================================================================
Received Import Request.
  Time since last request: 4.033156 seconds.
  path: Assets/Prefabs/Left Hand Model.prefab
  artifactKey: Guid(5d6681be7f2d74e4384735788a0e53ba) Importer(815301076,1909f56bfc062723c751e8b465ee728b)
Start importing Assets/Prefabs/Left Hand Model.prefab using Guid(5d6681be7f2d74e4384735788a0e53ba) Importer(815301076,1909f56bfc062723c751e8b465ee728b)  -> (artifact id: 'e88a8933fa726d2b0624af51e35a0988') in 0.016872 seconds 
========================================================================
Received Import Request.
  Time since last request: 8.654234 seconds.
  path: Assets/Prefabs/Left Hand Model.prefab
  artifactKey: Guid(5d6681be7f2d74e4384735788a0e53ba) Importer(815301076,1909f56bfc062723c751e8b465ee728b)
Start importing Assets/Prefabs/Left Hand Model.prefab using Guid(5d6681be7f2d74e4384735788a0e53ba) Importer(815301076,1909f56bfc062723c751e8b465ee728b)  -> (artifact id: 'a576c69a3019f236a2b14bf0a4b44157') in 0.019530 seconds 
========================================================================
Received Import Request.
  Time since last request: 4.211917 seconds.
  path: Assets/Prefabs/Left Hand Model.prefab
  artifactKey: Guid(5d6681be7f2d74e4384735788a0e53ba) Importer(815301076,1909f56bfc062723c751e8b465ee728b)
Start importing Assets/Prefabs/Left Hand Model.prefab using Guid(5d6681be7f2d74e4384735788a0e53ba) Importer(815301076,1909f56bfc062723c751e8b465ee728b)  -> (artifact id: '222f0910731642d1e5e1db32160b71be') in 0.019154 seconds 
========================================================================
Received Import Request.
  Time since last request: 5.430335 seconds.
  path: Assets/Prefabs/Left Hand Model.prefab
  artifactKey: Guid(5d6681be7f2d74e4384735788a0e53ba) Importer(815301076,1909f56bfc062723c751e8b465ee728b)
Start importing Assets/Prefabs/Left Hand Model.prefab using Guid(5d6681be7f2d74e4384735788a0e53ba) Importer(815301076,1909f56bfc062723c751e8b465ee728b)  -> (artifact id: 'a89476c6c3f83aa5451ddd6068e6cf81') in 0.017370 seconds 
========================================================================
Received Import Request.
  Time since last request: 0.380088 seconds.
  path: Assets/Prefabs/Left Hand Model.prefab
  artifactKey: Guid(5d6681be7f2d74e4384735788a0e53ba) Importer(815301076,1909f56bfc062723c751e8b465ee728b)
Start importing Assets/Prefabs/Left Hand Model.prefab using Guid(5d6681be7f2d74e4384735788a0e53ba) Importer(815301076,1909f56bfc062723c751e8b465ee728b)  -> (artifact id: 'd46730a41119ce6e1f7220c40232b878') in 0.011916 seconds 
========================================================================
Received Import Request.
  Time since last request: 2.821893 seconds.
  path: Assets/Prefabs/Left Hand Model.prefab
  artifactKey: Guid(5d6681be7f2d74e4384735788a0e53ba) Importer(815301076,1909f56bfc062723c751e8b465ee728b)
Start importing Assets/Prefabs/Left Hand Model.prefab using Guid(5d6681be7f2d74e4384735788a0e53ba) Importer(815301076,1909f56bfc062723c751e8b465ee728b)  -> (artifact id: '96a1a654ac19e208e57179362d39bb9d') in 0.015248 seconds 
========================================================================
Received Import Request.
  Time since last request: 12.859226 seconds.
  path: Assets/Prefabs/Left Hand Model.prefab
  artifactKey: Guid(5d6681be7f2d74e4384735788a0e53ba) Importer(815301076,1909f56bfc062723c751e8b465ee728b)
Start importing Assets/Prefabs/Left Hand Model.prefab using Guid(5d6681be7f2d74e4384735788a0e53ba) Importer(815301076,1909f56bfc062723c751e8b465ee728b)  -> (artifact id: 'faa094bdaf29f40f30a32693e60e8f8a') in 0.015374 seconds 
========================================================================
Received Import Request.
  Time since last request: 5.651935 seconds.
  path: Assets/Prefabs/Left Hand Model.prefab
  artifactKey: Guid(5d6681be7f2d74e4384735788a0e53ba) Importer(815301076,1909f56bfc062723c751e8b465ee728b)
Start importing Assets/Prefabs/Left Hand Model.prefab using Guid(5d6681be7f2d74e4384735788a0e53ba) Importer(815301076,1909f56bfc062723c751e8b465ee728b)  -> (artifact id: '8c7375529c5907ce14caea554cfbc26d') in 0.015619 seconds 
========================================================================
Received Import Request.
  Time since last request: 4.209554 seconds.
  path: Assets/Prefabs/Left Hand Model.prefab
  artifactKey: Guid(5d6681be7f2d74e4384735788a0e53ba) Importer(815301076,1909f56bfc062723c751e8b465ee728b)
Start importing Assets/Prefabs/Left Hand Model.prefab using Guid(5d6681be7f2d74e4384735788a0e53ba) Importer(815301076,1909f56bfc062723c751e8b465ee728b)  -> (artifact id: '60a59c981958c735e24c391341f178e7') in 0.021037 seconds 
========================================================================
Received Import Request.
  Time since last request: 5.219593 seconds.
  path: Assets/Prefabs/Left Hand Model.prefab
  artifactKey: Guid(5d6681be7f2d74e4384735788a0e53ba) Importer(815301076,1909f56bfc062723c751e8b465ee728b)
Start importing Assets/Prefabs/Left Hand Model.prefab using Guid(5d6681be7f2d74e4384735788a0e53ba) Importer(815301076,1909f56bfc062723c751e8b465ee728b)  -> (artifact id: 'e531f3c351bd19f8a8f13a0d44b11d9e') in 0.021270 seconds 
========================================================================
Received Import Request.
  Time since last request: 2.599511 seconds.
  path: Assets/Prefabs/Left Hand Model.prefab
  artifactKey: Guid(5d6681be7f2d74e4384735788a0e53ba) Importer(815301076,1909f56bfc062723c751e8b465ee728b)
Start importing Assets/Prefabs/Left Hand Model.prefab using Guid(5d6681be7f2d74e4384735788a0e53ba) Importer(815301076,1909f56bfc062723c751e8b465ee728b)  -> (artifact id: '5c5b16af823c92a1f5ffb21fbc9c8b28') in 0.015649 seconds 
========================================================================
Received Import Request.
  Time since last request: 1.765165 seconds.
  path: Assets/Prefabs/Left Hand Model.prefab
  artifactKey: Guid(5d6681be7f2d74e4384735788a0e53ba) Importer(815301076,1909f56bfc062723c751e8b465ee728b)
Start importing Assets/Prefabs/Left Hand Model.prefab using Guid(5d6681be7f2d74e4384735788a0e53ba) Importer(815301076,1909f56bfc062723c751e8b465ee728b)  -> (artifact id: '67e3015068687eb9489abc5d8fbc374e') in 0.015315 seconds 
========================================================================
Received Import Request.
  Time since last request: 3.804834 seconds.
  path: Assets/Prefabs/Left Hand Model.prefab
  artifactKey: Guid(5d6681be7f2d74e4384735788a0e53ba) Importer(815301076,1909f56bfc062723c751e8b465ee728b)
Start importing Assets/Prefabs/Left Hand Model.prefab using Guid(5d6681be7f2d74e4384735788a0e53ba) Importer(815301076,1909f56bfc062723c751e8b465ee728b)  -> (artifact id: '408b25de2bed601fb3ac76b5dc1aaacf') in 0.015195 seconds 
========================================================================
Received Import Request.
  Time since last request: 4.620426 seconds.
  path: Assets/Prefabs/Left Hand Model.prefab
  artifactKey: Guid(5d6681be7f2d74e4384735788a0e53ba) Importer(815301076,1909f56bfc062723c751e8b465ee728b)
Start importing Assets/Prefabs/Left Hand Model.prefab using Guid(5d6681be7f2d74e4384735788a0e53ba) Importer(815301076,1909f56bfc062723c751e8b465ee728b)  -> (artifact id: '43e4df1f4256a2fff47d99ce9bed5c06') in 0.015439 seconds 
========================================================================
Received Import Request.
  Time since last request: 3.406163 seconds.
  path: Assets/Prefabs/Left Hand Model.prefab
  artifactKey: Guid(5d6681be7f2d74e4384735788a0e53ba) Importer(815301076,1909f56bfc062723c751e8b465ee728b)
Start importing Assets/Prefabs/Left Hand Model.prefab using Guid(5d6681be7f2d74e4384735788a0e53ba) Importer(815301076,1909f56bfc062723c751e8b465ee728b)  -> (artifact id: 'dd59783c6ceab4ce1c8fc40bfca8564a') in 0.015375 seconds 
========================================================================
Received Import Request.
  Time since last request: 4.411989 seconds.
  path: Assets/Prefabs/Left Hand Model.prefab
  artifactKey: Guid(5d6681be7f2d74e4384735788a0e53ba) Importer(815301076,1909f56bfc062723c751e8b465ee728b)
Start importing Assets/Prefabs/Left Hand Model.prefab using Guid(5d6681be7f2d74e4384735788a0e53ba) Importer(815301076,1909f56bfc062723c751e8b465ee728b)  -> (artifact id: '4f314ccbebcd16d6f2d91547f775fac7') in 0.015667 seconds 
========================================================================
Received Import Request.
  Time since last request: 5.429664 seconds.
  path: Assets/Prefabs/Left Hand Model.prefab
  artifactKey: Guid(5d6681be7f2d74e4384735788a0e53ba) Importer(815301076,1909f56bfc062723c751e8b465ee728b)
Start importing Assets/Prefabs/Left Hand Model.prefab using Guid(5d6681be7f2d74e4384735788a0e53ba) Importer(815301076,1909f56bfc062723c751e8b465ee728b)  -> (artifact id: 'be9f63a8f2315c197cc4bd94dbddbd76') in 0.021859 seconds 
========================================================================
Received Import Request.
  Time since last request: 1.960864 seconds.
  path: Assets/Prefabs/Left Hand Model.prefab
  artifactKey: Guid(5d6681be7f2d74e4384735788a0e53ba) Importer(815301076,1909f56bfc062723c751e8b465ee728b)
Start importing Assets/Prefabs/Left Hand Model.prefab using Guid(5d6681be7f2d74e4384735788a0e53ba) Importer(815301076,1909f56bfc062723c751e8b465ee728b)  -> (artifact id: 'a3f97f4a53805e791fcf01a20ba97240') in 0.015272 seconds 
========================================================================
Received Import Request.
  Time since last request: 5.438211 seconds.
  path: Assets/Prefabs/Left Hand Model.prefab
  artifactKey: Guid(5d6681be7f2d74e4384735788a0e53ba) Importer(815301076,1909f56bfc062723c751e8b465ee728b)
Start importing Assets/Prefabs/Left Hand Model.prefab using Guid(5d6681be7f2d74e4384735788a0e53ba) Importer(815301076,1909f56bfc062723c751e8b465ee728b)  -> (artifact id: '6d75c8706f3279e7adabc2485156c365') in 0.023818 seconds 
========================================================================
Received Import Request.
  Time since last request: 2.190330 seconds.
  path: Assets/Prefabs/Left Hand Model.prefab
  artifactKey: Guid(5d6681be7f2d74e4384735788a0e53ba) Importer(815301076,1909f56bfc062723c751e8b465ee728b)
Start importing Assets/Prefabs/Left Hand Model.prefab using Guid(5d6681be7f2d74e4384735788a0e53ba) Importer(815301076,1909f56bfc062723c751e8b465ee728b)  -> (artifact id: '210c0af6b6dc467adc66b6d23de9b1d2') in 0.015960 seconds 
========================================================================
Received Import Request.
  Time since last request: 3.810702 seconds.
  path: Assets/Prefabs/Left Hand Model.prefab
  artifactKey: Guid(5d6681be7f2d74e4384735788a0e53ba) Importer(815301076,1909f56bfc062723c751e8b465ee728b)
Start importing Assets/Prefabs/Left Hand Model.prefab using Guid(5d6681be7f2d74e4384735788a0e53ba) Importer(815301076,1909f56bfc062723c751e8b465ee728b)  -> (artifact id: '8920cc29db89263920ff8d4d4df00168') in 0.021421 seconds 
========================================================================
Received Import Request.
  Time since last request: 1.382789 seconds.
  path: Assets/Prefabs/Left Hand Model.prefab
  artifactKey: Guid(5d6681be7f2d74e4384735788a0e53ba) Importer(815301076,1909f56bfc062723c751e8b465ee728b)
Start importing Assets/Prefabs/Left Hand Model.prefab using Guid(5d6681be7f2d74e4384735788a0e53ba) Importer(815301076,1909f56bfc062723c751e8b465ee728b)  -> (artifact id: '42ae6bc97f0a0da226be11689e0f48b5') in 0.018941 seconds 
========================================================================
Received Import Request.
  Time since last request: 2.575742 seconds.
  path: Assets/Prefabs/Left Hand Model.prefab
  artifactKey: Guid(5d6681be7f2d74e4384735788a0e53ba) Importer(815301076,1909f56bfc062723c751e8b465ee728b)
Start importing Assets/Prefabs/Left Hand Model.prefab using Guid(5d6681be7f2d74e4384735788a0e53ba) Importer(815301076,1909f56bfc062723c751e8b465ee728b)  -> (artifact id: '3143703ee5cc3bc625ce06baf8721f59') in 0.016180 seconds 
========================================================================
Received Import Request.
  Time since last request: 12.481932 seconds.
  path: Assets/Prefabs/Left Hand Model.prefab
  artifactKey: Guid(5d6681be7f2d74e4384735788a0e53ba) Importer(815301076,1909f56bfc062723c751e8b465ee728b)
Start importing Assets/Prefabs/Left Hand Model.prefab using Guid(5d6681be7f2d74e4384735788a0e53ba) Importer(815301076,1909f56bfc062723c751e8b465ee728b)  -> (artifact id: 'cb34fc59eb83feb19e90de4e97755753') in 0.015379 seconds 
========================================================================
Received Import Request.
  Time since last request: 9.871655 seconds.
  path: Assets/Prefabs/Left Hand Model.prefab
  artifactKey: Guid(5d6681be7f2d74e4384735788a0e53ba) Importer(815301076,1909f56bfc062723c751e8b465ee728b)
Start importing Assets/Prefabs/Left Hand Model.prefab using Guid(5d6681be7f2d74e4384735788a0e53ba) Importer(815301076,1909f56bfc062723c751e8b465ee728b)  -> (artifact id: '6ea6b362d8a4af1b0fa37abf97c9470e') in 0.020548 seconds 
========================================================================
Received Import Request.
  Time since last request: 5.024158 seconds.
  path: Assets/Prefabs/Left Hand Model.prefab
  artifactKey: Guid(5d6681be7f2d74e4384735788a0e53ba) Importer(815301076,1909f56bfc062723c751e8b465ee728b)
Start importing Assets/Prefabs/Left Hand Model.prefab using Guid(5d6681be7f2d74e4384735788a0e53ba) Importer(815301076,1909f56bfc062723c751e8b465ee728b)  -> (artifact id: 'd9b1030c155d72f894bec86fe1d8ad24') in 0.021350 seconds 
========================================================================
Received Import Request.
  Time since last request: 20.175599 seconds.
  path: Assets/Prefabs/Left Hand Model.prefab
  artifactKey: Guid(5d6681be7f2d74e4384735788a0e53ba) Importer(815301076,1909f56bfc062723c751e8b465ee728b)
Start importing Assets/Prefabs/Left Hand Model.prefab using Guid(5d6681be7f2d74e4384735788a0e53ba) Importer(815301076,1909f56bfc062723c751e8b465ee728b)  -> (artifact id: '14d50b8e2b05e775ecbf7f0abccdfd99') in 0.017084 seconds 
========================================================================
Received Import Request.
  Time since last request: 6.016125 seconds.
  path: Assets/Prefabs/Left Hand Model.prefab
  artifactKey: Guid(5d6681be7f2d74e4384735788a0e53ba) Importer(815301076,1909f56bfc062723c751e8b465ee728b)
Start importing Assets/Prefabs/Left Hand Model.prefab using Guid(5d6681be7f2d74e4384735788a0e53ba) Importer(815301076,1909f56bfc062723c751e8b465ee728b)  -> (artifact id: '8e8852f2ce24fd5c3c550cb1b260a734') in 0.017245 seconds 
========================================================================
Received Import Request.
  Time since last request: 33.262779 seconds.
  path: Assets/Prefabs/Left Hand Model.prefab
  artifactKey: Guid(5d6681be7f2d74e4384735788a0e53ba) Importer(815301076,1909f56bfc062723c751e8b465ee728b)
Start importing Assets/Prefabs/Left Hand Model.prefab using Guid(5d6681be7f2d74e4384735788a0e53ba) Importer(815301076,1909f56bfc062723c751e8b465ee728b)  -> (artifact id: 'c7d3f871d1b644606ec7c769749f8a35') in 0.015471 seconds 
========================================================================
Received Import Request.
  Time since last request: 5.228149 seconds.
  path: Assets/Prefabs/Left Hand Model.prefab
  artifactKey: Guid(5d6681be7f2d74e4384735788a0e53ba) Importer(815301076,1909f56bfc062723c751e8b465ee728b)
Start importing Assets/Prefabs/Left Hand Model.prefab using Guid(5d6681be7f2d74e4384735788a0e53ba) Importer(815301076,1909f56bfc062723c751e8b465ee728b)  -> (artifact id: 'c48ff0b35994e06bfff3d1af7545a934') in 0.017013 seconds 
========================================================================
Received Import Request.
  Time since last request: 3.197736 seconds.
  path: Assets/Prefabs/Left Hand Model.prefab
  artifactKey: Guid(5d6681be7f2d74e4384735788a0e53ba) Importer(815301076,1909f56bfc062723c751e8b465ee728b)
Start importing Assets/Prefabs/Left Hand Model.prefab using Guid(5d6681be7f2d74e4384735788a0e53ba) Importer(815301076,1909f56bfc062723c751e8b465ee728b)  -> (artifact id: '661b045a76c2f90202e589594ac8a647') in 0.014772 seconds 
========================================================================
Received Import Request.
  Time since last request: 1.792693 seconds.
  path: Assets/Prefabs/Left Hand Model.prefab
  artifactKey: Guid(5d6681be7f2d74e4384735788a0e53ba) Importer(815301076,1909f56bfc062723c751e8b465ee728b)
Start importing Assets/Prefabs/Left Hand Model.prefab using Guid(5d6681be7f2d74e4384735788a0e53ba) Importer(815301076,1909f56bfc062723c751e8b465ee728b)  -> (artifact id: '1a4e7125cd3f5602197e7664b75b5a2b') in 0.016012 seconds 
========================================================================
Received Import Request.
  Time since last request: 2.999856 seconds.
  path: Assets/Prefabs/Left Hand Model.prefab
  artifactKey: Guid(5d6681be7f2d74e4384735788a0e53ba) Importer(815301076,1909f56bfc062723c751e8b465ee728b)
Start importing Assets/Prefabs/Left Hand Model.prefab using Guid(5d6681be7f2d74e4384735788a0e53ba) Importer(815301076,1909f56bfc062723c751e8b465ee728b)  -> (artifact id: '464dac577e53ca9bbc82ab7753d2b747') in 0.019343 seconds 
========================================================================
Received Import Request.
  Time since last request: 3.815544 seconds.
  path: Assets/Prefabs/Left Hand Model.prefab
  artifactKey: Guid(5d6681be7f2d74e4384735788a0e53ba) Importer(815301076,1909f56bfc062723c751e8b465ee728b)
Start importing Assets/Prefabs/Left Hand Model.prefab using Guid(5d6681be7f2d74e4384735788a0e53ba) Importer(815301076,1909f56bfc062723c751e8b465ee728b)  -> (artifact id: '800d748765384037c4e3ced4133fc7ca') in 0.025272 seconds 
========================================================================
Received Import Request.
  Time since last request: 11.617171 seconds.
  path: Assets/Prefabs/Left Hand Model.prefab
  artifactKey: Guid(5d6681be7f2d74e4384735788a0e53ba) Importer(815301076,1909f56bfc062723c751e8b465ee728b)
Start importing Assets/Prefabs/Left Hand Model.prefab using Guid(5d6681be7f2d74e4384735788a0e53ba) Importer(815301076,1909f56bfc062723c751e8b465ee728b)  -> (artifact id: '7c80059887b9a944c010f65ca9d2a654') in 0.015482 seconds 
========================================================================
Received Import Request.
  Time since last request: 5.961237 seconds.
  path: Assets/Prefabs/Left Hand Model.prefab
  artifactKey: Guid(5d6681be7f2d74e4384735788a0e53ba) Importer(815301076,1909f56bfc062723c751e8b465ee728b)
Start importing Assets/Prefabs/Left Hand Model.prefab using Guid(5d6681be7f2d74e4384735788a0e53ba) Importer(815301076,1909f56bfc062723c751e8b465ee728b)  -> (artifact id: '720ae8a616a06f8a788ebffd547f95f7') in 0.014584 seconds 
========================================================================
Received Import Request.
  Time since last request: 24.388662 seconds.
  path: Assets/Prefabs/Left Hand Model.prefab
  artifactKey: Guid(5d6681be7f2d74e4384735788a0e53ba) Importer(815301076,1909f56bfc062723c751e8b465ee728b)
Start importing Assets/Prefabs/Left Hand Model.prefab using Guid(5d6681be7f2d74e4384735788a0e53ba) Importer(815301076,1909f56bfc062723c751e8b465ee728b)  -> (artifact id: '80d60fba40e06b80d5a75be1ed38d4ce') in 0.017044 seconds 
========================================================================
Received Import Request.
  Time since last request: 13.411788 seconds.
  path: Assets/Prefabs/Left Hand Model.prefab
  artifactKey: Guid(5d6681be7f2d74e4384735788a0e53ba) Importer(815301076,1909f56bfc062723c751e8b465ee728b)
Start importing Assets/Prefabs/Left Hand Model.prefab using Guid(5d6681be7f2d74e4384735788a0e53ba) Importer(815301076,1909f56bfc062723c751e8b465ee728b)  -> (artifact id: '921d62ee4fec134f1c682cf48e3b2317') in 0.021625 seconds 
========================================================================
Received Import Request.
  Time since last request: 257.010739 seconds.
  path: Assets/Low poly Gems/Mesh
  artifactKey: Guid(f8282579dfb16b84a9ef94ec2106ee1c) Importer(815301076,1909f56bfc062723c751e8b465ee728b)
Start importing Assets/Low poly Gems/Mesh using Guid(f8282579dfb16b84a9ef94ec2106ee1c) Importer(815301076,1909f56bfc062723c751e8b465ee728b)  -> (artifact id: '512d916ae059ba12bfccab0f04211e59') in 0.005651 seconds 
========================================================================
Received Import Request.
  Time since last request: 0.101015 seconds.
  path: Assets/Low poly Gems/Mesh/Stone1.fbx
  artifactKey: Guid(05ae247dfb11ce5498fd8466c689a3cc) Importer(815301076,1909f56bfc062723c751e8b465ee728b)
Start importing Assets/Low poly Gems/Mesh/Stone1.fbx using Guid(05ae247dfb11ce5498fd8466c689a3cc) Importer(815301076,1909f56bfc062723c751e8b465ee728b)  -> (artifact id: '74781f45cf535157029c3d63ce7fc974') in 0.336629 seconds 
========================================================================
Received Import Request.
  Time since last request: 0.000039 seconds.
  path: Assets/Low poly Gems/Mesh/Stone6.fbx
  artifactKey: Guid(e7276da3de3dc194b8c62db5d121f0af) Importer(815301076,1909f56bfc062723c751e8b465ee728b)
Start importing Assets/Low poly Gems/Mesh/Stone6.fbx using Guid(e7276da3de3dc194b8c62db5d121f0af) Importer(815301076,1909f56bfc062723c751e8b465ee728b)  -> (artifact id: 'e00f4dc7e23f2b42392e166665dc5d3a') in 0.182536 seconds 
========================================================================
Received Import Request.
  Time since last request: 0.000039 seconds.
  path: Assets/Low poly Gems/Mesh/Stone3.fbx
  artifactKey: Guid(3bfadaf413405aa4db391b91aefd0e82) Importer(815301076,1909f56bfc062723c751e8b465ee728b)
Start importing Assets/Low poly Gems/Mesh/Stone3.fbx using Guid(3bfadaf413405aa4db391b91aefd0e82) Importer(815301076,1909f56bfc062723c751e8b465ee728b)  -> (artifact id: '496b92c21c5455d397f44d56b7e9d78d') in 0.164961 seconds 
========================================================================
Received Import Request.
  Time since last request: 2.935569 seconds.
  path: Assets/Low poly Gems/Prefabs
  artifactKey: Guid(da0543c10f78e1d44ab3028fd19c9445) Importer(815301076,1909f56bfc062723c751e8b465ee728b)
Start importing Assets/Low poly Gems/Prefabs using Guid(da0543c10f78e1d44ab3028fd19c9445) Importer(815301076,1909f56bfc062723c751e8b465ee728b)  -> (artifact id: '528057c6463ed0221d3a16146317dca5') in 0.019374 seconds 
========================================================================
Received Import Request.
  Time since last request: 0.090328 seconds.
  path: Assets/Low poly Gems/Prefabs/Stone1.prefab
  artifactKey: Guid(d18be603c12f9784d8fe93db62320530) Importer(815301076,1909f56bfc062723c751e8b465ee728b)
Start importing Assets/Low poly Gems/Prefabs/Stone1.prefab using Guid(d18be603c12f9784d8fe93db62320530) Importer(815301076,1909f56bfc062723c751e8b465ee728b)  -> (artifact id: '5bf4fc923df69ea14b02ad9f8229b7ac') in 0.195236 seconds 
========================================================================
Received Import Request.
  Time since last request: 0.000030 seconds.
  path: Assets/Low poly Gems/Prefabs/Stone5.prefab
  artifactKey: Guid(f394a5fdb2d205349b4101dd79bf0c8d) Importer(815301076,1909f56bfc062723c751e8b465ee728b)
Start importing Assets/Low poly Gems/Prefabs/Stone5.prefab using Guid(f394a5fdb2d205349b4101dd79bf0c8d) Importer(815301076,1909f56bfc062723c751e8b465ee728b)  -> (artifact id: 'f727d1d17f24680d5a6eccbb57018961') in 0.174543 seconds 
========================================================================
Received Import Request.
  Time since last request: 27.654601 seconds.
  path: Assets/Low poly Gems/Materials/Stone2.mat
  artifactKey: Guid(84e76693a4305464a96d36edccb36b9e) Importer(815301076,1909f56bfc062723c751e8b465ee728b)
Start importing Assets/Low poly Gems/Materials/Stone2.mat using Guid(84e76693a4305464a96d36edccb36b9e) Importer(815301076,1909f56bfc062723c751e8b465ee728b)  -> (artifact id: '96836430a28a3bd60d70af5ae8a710a9') in 0.167779 seconds 
========================================================================
Received Import Request.
  Time since last request: 0.000067 seconds.
  path: Assets/Low poly Gems/Materials/Stone5.mat
  artifactKey: Guid(530773d3de6c9834fb2c1cbb09fe4d58) Importer(815301076,1909f56bfc062723c751e8b465ee728b)
Start importing Assets/Low poly Gems/Materials/Stone5.mat using Guid(530773d3de6c9834fb2c1cbb09fe4d58) Importer(815301076,1909f56bfc062723c751e8b465ee728b)  -> (artifact id: 'f1a4601c63d5a2509231c2446c3b5f07') in 0.143544 seconds 
========================================================================
Received Import Request.
  Time since last request: 46.199703 seconds.
  path: Assets/Low poly Gems/Texture/Stone5/Metall Stone5.png
  artifactKey: Guid(a274d7f039f98fd418a2adbfeac79dee) Importer(815301076,1909f56bfc062723c751e8b465ee728b)
Start importing Assets/Low poly Gems/Texture/Stone5/Metall Stone5.png using Guid(a274d7f039f98fd418a2adbfeac79dee) Importer(815301076,1909f56bfc062723c751e8b465ee728b)  -> (artifact id: 'e6986487e35888a7247ff0a675eac3b8') in 0.160761 seconds 
========================================================================
Received Import Request.
  Time since last request: 1.479612 seconds.
  path: Assets/Low poly Gems/Texture/Stone5/HDRP URP/Stone5_MetallicSmoothness.png
  artifactKey: Guid(b32f3665eb8f5e54aad19b08c69dd100) Importer(815301076,1909f56bfc062723c751e8b465ee728b)
Start importing Assets/Low poly Gems/Texture/Stone5/HDRP URP/Stone5_MetallicSmoothness.png using Guid(b32f3665eb8f5e54aad19b08c69dd100) Importer(815301076,1909f56bfc062723c751e8b465ee728b)  -> (artifact id: '199c912ec7deea003aa65640b3c3cbd2') in 0.045626 seconds 
========================================================================
Received Import Request.
  Time since last request: 30.618670 seconds.
  path: Assets/Low poly Gems/Texture/Stone2/Metall Stone2.png
  artifactKey: Guid(6243e483b23142242b0621147bdd5292) Importer(815301076,1909f56bfc062723c751e8b465ee728b)
Start importing Assets/Low poly Gems/Texture/Stone2/Metall Stone2.png using Guid(6243e483b23142242b0621147bdd5292) Importer(815301076,1909f56bfc062723c751e8b465ee728b)  -> (artifact id: '9b1cde805d437b0440372f20e02393e8') in 0.087615 seconds 
========================================================================
Received Import Request.
  Time since last request: 0.000023 seconds.
  path: Assets/Low poly Gems/Texture/Stone2/Stone2_Roughness.png
  artifactKey: Guid(dbce39c4c865f6a4aac635b565e7638a) Importer(815301076,1909f56bfc062723c751e8b465ee728b)
Start importing Assets/Low poly Gems/Texture/Stone2/Stone2_Roughness.png using Guid(dbce39c4c865f6a4aac635b565e7638a) Importer(815301076,1909f56bfc062723c751e8b465ee728b)  -> (artifact id: '44db9c598bdf0cc802e01c703ce014fc') in 0.043669 seconds 
========================================================================
Received Import Request.
  Time since last request: 4.072631 seconds.
  path: Assets/Low poly Gems/Texture/Stone2/HDRP URP/Stone2_MetallicSmoothness.png
  artifactKey: Guid(47b7544acfe77c642927a4207861d083) Importer(815301076,1909f56bfc062723c751e8b465ee728b)
Start importing Assets/Low poly Gems/Texture/Stone2/HDRP URP/Stone2_MetallicSmoothness.png using Guid(47b7544acfe77c642927a4207861d083) Importer(815301076,1909f56bfc062723c751e8b465ee728b)  -> (artifact id: 'ff8e90ade1f390cfbda0f1f9706ff686') in 0.049023 seconds 
========================================================================
Received Import Request.
  Time since last request: 56.414023 seconds.
  path: Assets/Low poly Gems/Texture/Stone1/Metall Stone1.png
  artifactKey: Guid(72c73f5bc86ead942ae648c1ef6369bb) Importer(815301076,1909f56bfc062723c751e8b465ee728b)
Start importing Assets/Low poly Gems/Texture/Stone1/Metall Stone1.png using Guid(72c73f5bc86ead942ae648c1ef6369bb) Importer(815301076,1909f56bfc062723c751e8b465ee728b)  -> (artifact id: 'fb20d7f9eef1d4c3b61b6bc7813ee8c4') in 0.056309 seconds 
========================================================================
Received Import Request.
  Time since last request: 0.000027 seconds.
  path: Assets/Low poly Gems/Texture/Stone1/Stone1_Roughness.png
  artifactKey: Guid(a3b07d4ffada6f44e9452e4baef226a6) Importer(815301076,1909f56bfc062723c751e8b465ee728b)
Start importing Assets/Low poly Gems/Texture/Stone1/Stone1_Roughness.png using Guid(a3b07d4ffada6f44e9452e4baef226a6) Importer(815301076,1909f56bfc062723c751e8b465ee728b)  -> (artifact id: 'b537018c6382ab1ac9fa0e91b7c07ee3') in 0.043152 seconds 
========================================================================
Received Import Request.
  Time since last request: 30.799208 seconds.
  path: Assets/Low poly Gems/Texture/Stone1/HDRP URP/Stone1_MetallicSmoothness.png
  artifactKey: Guid(27107db59a64188489f2a8ac586b203f) Importer(815301076,1909f56bfc062723c751e8b465ee728b)
Start importing Assets/Low poly Gems/Texture/Stone1/HDRP URP/Stone1_MetallicSmoothness.png using Guid(27107db59a64188489f2a8ac586b203f) Importer(815301076,1909f56bfc062723c751e8b465ee728b)  -> (artifact id: '6c30af9fc2725d3996eca6174e466e14') in 0.049112 seconds 
========================================================================
Received Import Request.
  Time since last request: 20.043995 seconds.
  path: Assets/Oculus Hands/Models/r_hand_skeletal_lowres.fbx
  artifactKey: Guid(d0c255d07fd68f14b94e55d388e7e6bb) Importer(815301076,1909f56bfc062723c751e8b465ee728b)
Start importing Assets/Oculus Hands/Models/r_hand_skeletal_lowres.fbx using Guid(d0c255d07fd68f14b94e55d388e7e6bb) Importer(815301076,1909f56bfc062723c751e8b465ee728b)  -> (artifact id: '8dd1ec8bea3377bafc2ed34cbc7342cb') in 0.053732 seconds 
========================================================================
Received Import Request.
  Time since last request: 33.012247 seconds.
  path: Assets/Oculus Hands/Animations/l_hand_pinch_anim.fbx
  artifactKey: Guid(a91ff20f7450bf446a6bf0bfb5e932ae) Importer(815301076,1909f56bfc062723c751e8b465ee728b)
Start importing Assets/Oculus Hands/Animations/l_hand_pinch_anim.fbx using Guid(a91ff20f7450bf446a6bf0bfb5e932ae) Importer(815301076,1909f56bfc062723c751e8b465ee728b)  -> (artifact id: '8f8efd71d38dac57d07980de0ae3b1c7') in 0.043477 seconds 
========================================================================
Received Import Request.
  Time since last request: 0.000028 seconds.
  path: Assets/Oculus Hands/Animations/r_hand_fist_anim.fbx
  artifactKey: Guid(005ab0ae8aa7f74438a5fa50f7cd50e3) Importer(815301076,1909f56bfc062723c751e8b465ee728b)
Start importing Assets/Oculus Hands/Animations/r_hand_fist_anim.fbx using Guid(005ab0ae8aa7f74438a5fa50f7cd50e3) Importer(815301076,1909f56bfc062723c751e8b465ee728b)  -> (artifact id: 'dda3ed25eb8a03c1ff7e89be08a9320c') in 0.024633 seconds 
========================================================================
Received Import Request.
  Time since last request: 431.470284 seconds.
  path: Assets/Low poly Gems/Prefabs/Stone2.prefab
  artifactKey: Guid(6cd058d24e3e2c248a89283b2af2776b) Importer(815301076,1909f56bfc062723c751e8b465ee728b)
Start importing Assets/Low poly Gems/Prefabs/Stone2.prefab using Guid(6cd058d24e3e2c248a89283b2af2776b) Importer(815301076,1909f56bfc062723c751e8b465ee728b)  -> (artifact id: '9267f9a3f91a9a3d367c0a23242d7117') in 0.167482 seconds 
========================================================================
Received Import Request.
  Time since last request: 0.000030 seconds.
  path: Assets/Low poly Gems/Prefabs/Stone5.prefab
  artifactKey: Guid(f394a5fdb2d205349b4101dd79bf0c8d) Importer(815301076,1909f56bfc062723c751e8b465ee728b)
Start importing Assets/Low poly Gems/Prefabs/Stone5.prefab using Guid(f394a5fdb2d205349b4101dd79bf0c8d) Importer(815301076,1909f56bfc062723c751e8b465ee728b)  -> (artifact id: 'd1dc65369e3bf5c9313d114424b986f6') in 0.152179 seconds 
========================================================================
Received Import Request.
  Time since last request: 0.000041 seconds.
  path: Assets/Low poly Gems/Prefabs/Stone4.prefab
  artifactKey: Guid(6d09f1047ed7fb244a255fa66291cb94) Importer(815301076,1909f56bfc062723c751e8b465ee728b)
Start importing Assets/Low poly Gems/Prefabs/Stone4.prefab using Guid(6d09f1047ed7fb244a255fa66291cb94) Importer(815301076,1909f56bfc062723c751e8b465ee728b)  -> (artifact id: '1a7f707842c9c33195556f692d1f8cd7') in 0.168611 seconds 
Editor requested this worker to shutdown with reason: Scaling down because of idle timeout
AssetImportWorker is now disconnected from the server
Process exiting
Exiting without the bug reporter. Application will terminate with return code 0